Removed Pin From Net: NetName=PGND Pin=CON1-0
Removed Pin From Net: NetName=PGND Pin=CON1-0
Removed Pin From Net: NetName=CAN1H Pin=CON1-1
Removed Pin From Net: NetName=CAN1L Pin=CON1-2
Removed Pin From Net: NetName=CAN1_TX Pin=IC1-1
Removed Pin From Net: NetName=DGND Pin=IC1-2
Removed Pin From Net: NetName=5V Pin=IC1-3
Removed Pin From Net: NetName=CAN1_RX Pin=IC1-4
Removed Pin From Net: NetName=NetC5_2 Pin=IC1-5
Removed Pin From Net: NetName=CAN1L Pin=IC1-6
Removed Pin From Net: NetName=CAN1H Pin=IC1-7
Removed Pin From Net: NetName=DGND Pin=IC1-8
Removed Pin From Net: NetName=PB7 Pin=K1-1
Removed Pin From Net: NetName=DGND Pin=K1-2
Removed Pin From Net: NetName=DGND Pin=R6-1
Removed Pin From Net: NetName=PGND Pin=R6-2
Removed Pin From Net: NetName=PGND Pin=S1-1
Removed Pin From Net: NetName=DC+ Pin=S1-2
Removed Pin From Net: NetName=M1_TIM_PWM1 Pin=U5-10
Removed Pin From Net: NetName=M1_TIM_PWM2 Pin=U5-11
Removed Pin From Net: NetName=M1_TIM_PWM3 Pin=U5-12
Removed Pin From Net: NetName=M_TLE5012_CLK Pin=U5-26
Removed Pin From Net: NetName=M_TLE5012_MISO Pin=U5-27
Removed Pin From Net: NetName=M_TLE5012_MOSI Pin=U5-28
Removed Pin From Net: NetName=CS Pin=U5-29
Removed Pin From Net: NetName=CAN1_RX Pin=U5-32
Removed Pin From Net: NetName=CAN1_TX Pin=U5-33
Removed Pin From Net: NetName=SWDIO Pin=XS2-1
Removed Pin From Net: NetName=SWCLK Pin=XS2-2
Removed Member From Class: ClassName=Sheet1 Member=CON1
Removed Member From Class: ClassName=Sheet1 Member=IC1
Removed Member From Class: ClassName=Sheet1 Member=R6
Removed Member From Class: ClassName=Sheet1 Member=S1
Removed Member From Class: ClassName=Sheet1 Member=XS2
Change Component Footprint: Designator=K1 Old Footprint=3-6微动开关 New Footprint=Switch 1-2 0603
Change Component Comment : Designator=K1 Old Comment=3-6微动开关 New Comment=Switch 1-2
Change Component Comment : Designator=R9 Old Comment=0603-10K New Comment=0603-20K
Change Component Comment : Designator=R14 Old Comment=0603-10K New Comment=0603-20K
Change Component Comment : Designator=R15 Old Comment=0603-390 New Comment=0603-510
Change Component Comment : Designator=R16 Old Comment=0805-0.05 New Comment=0805-0.02
Change Component Comment : Designator=R18 Old Comment=0805-0.05 New Comment=0805-0.02
Added Component: Designator=CON?(SH1.0 WS 3P)
Added Component: Designator=CON?(ZH1.5-LS-2P)
Added Component: Designator=CON?(SH1.0 WS 2P)
Added Component: Designator=IC?(DFN8_3-3)
Add component (AddParameter): Name = "BOM名称"; Value = "CAN总线收发芯片"; VariantName = "[No Variations]"
Add component (AddParameter): Name = "学习资源"; Value = "www.ooocke.com"; VariantName = "[No Variations]"
Add component (AddParameter): Name = "版权归属"; Value = "源创客"; VariantName = "[No Variations]"
Added Component: Designator=K2(Switch 1-2 0603)
Added Component: Designator=K?(TS24CA)
Added Component: Designator=R?(RES_0603-SHORT)
Added Pin To Net: NetName=PGND Pin=CON?-0
Added Pin To Net: NetName=PGND Pin=CON?-0
Added Pin To Net: NetName=PGND Pin=CON?-0
Added Pin To Net: NetName=PGND Pin=CON?-0
Added Pin To Net: NetName=CAN1H Pin=CON?-1
Added Pin To Net: NetName=DC+ Pin=CON?-1
Added Pin To Net: NetName=CAN1L Pin=CON?-2
Added Pin To Net: NetName=PGND Pin=CON?-2
Added Pin To Net: NetName=CAN1_TX Pin=IC?-1
Added Pin To Net: NetName=DGND Pin=IC?-2
Added Pin To Net: NetName=5V Pin=IC?-3
Added Pin To Net: NetName=CAN1_RX Pin=IC?-4
Added Pin To Net: NetName=NetC5_2 Pin=IC?-5
Added Pin To Net: NetName=CAN1L Pin=IC?-6
Added Pin To Net: NetName=CAN1H Pin=IC?-7
Added Pin To Net: NetName=DGND Pin=IC?-8
Added Pin To Net: NetName=DGND Pin=IC?-9
Added Pin To Net: NetName=PB10 Pin=K1-1
Added Pin To Net: NetName=SWDIO Pin=K1-3
Added Pin To Net: NetName=PB11 Pin=K2-1
Added Pin To Net: NetName=SWCLK Pin=K2-3
Added Pin To Net: NetName=PB7 Pin=K?-1
Added Pin To Net: NetName=DGND Pin=K?-2
Added Pin To Net: NetName=PGND Pin=R?-1
Added Pin To Net: NetName=DGND Pin=R?-2
Added Pin To Net: NetName=M1_TIM_PWM1 Pin=U5-29
Added Pin To Net: NetName=M1_TIM_PWM2 Pin=U5-30
Added Pin To Net: NetName=M1_TIM_PWM3 Pin=U5-31
Added Pin To Net: NetName=CS Pin=U5-38
Added Pin To Net: NetName=M_TLE5012_CLK Pin=U5-39
Added Pin To Net: NetName=M_TLE5012_MISO Pin=U5-40
Added Pin To Net: NetName=M_TLE5012_MOSI Pin=U5-41
Added Pin To Net: NetName=CAN1_RX Pin=U5-45
Added Pin To Net: NetName=CAN1_TX Pin=U5-46
Added Pin To Net: NetName=GND Pin=CON?-0
Added Pin To Net: NetName=GND Pin=CON?-0
Added Pin To Net: NetName=GND Pin=CON?-3
Added Net: Name=GND
Added Pin To Net: NetName=K1 Pin=CON?-1
Added Pin To Net: NetName=K1 Pin=K1-2
Added Net: Name=K1
Added Pin To Net: NetName=K2 Pin=CON?-2
Added Pin To Net: NetName=K2 Pin=K2-2
Added Net: Name=K2
Added Pin To Net: NetName=PA0 Pin=U5-10
Added Net: Name=PA0
Added Pin To Net: NetName=PA1 Pin=U5-11
Added Net: Name=PA1
Added Pin To Net: NetName=PA2 Pin=U5-12
Added Net: Name=PA2
Added Pin To Net: NetName=PA11 Pin=U5-32
Added Net: Name=PA11
Added Pin To Net: NetName=PA12 Pin=U5-33
Added Net: Name=PA12
Added Pin To Net: NetName=PB13 Pin=U5-26
Added Net: Name=PB13
Added Pin To Net: NetName=PB14 Pin=U5-27
Added Net: Name=PB14
Added Pin To Net: NetName=PB15 Pin=U5-28
Added Net: Name=PB15
Added Member To Class: ClassName=Sheet1 Member=Component CON? SH1.0_3
Added Member To Class: ClassName=Sheet1 Member=Component CON? ZH1.5_2
Added Member To Class: ClassName=Sheet1 Member=Component CON? SH1.0_2
Added Member To Class: ClassName=Sheet1 Member=Component IC? SIT1050
Added Member To Class: ClassName=Sheet1 Member=Component K2 Switch 1-2
Added Member To Class: ClassName=Sheet1 Member=Component K? TS24CA
Added Member To Class: ClassName=Sheet1 Member=Component R? 0R
Added Room: Name=Sheet1
