Removed Pin From Net: NetName=5V Pin=C1-2
Removed Pin From Net: NetName=5V Pin=C3-1
Removed Pin From Net: NetName=DGND Pin=C3-2
Removed Pin From Net: NetName=PGND Pin=C4-1
Removed Pin From Net: NetName=3v3 Pin=C4-2
Removed Pin From Net: NetName=DGND Pin=C5-1
Removed Pin From Net: NetName=PGND Pin=C6-1
Removed Pin From Net: NetName=DGND Pin=C7-1
Removed Pin From Net: NetName=3v3 Pin=C7-2
Removed Pin From Net: NetName=3v3 Pin=C8-1
Removed Pin From Net: NetName=3v3 Pin=C9-1
Removed Pin From Net: NetName=PGND Pin=C10-1
Removed Pin From Net: NetName=PGND Pin=C11-1
Removed Pin From Net: NetName=DGND Pin=C14-1
Removed Pin From Net: NetName=3v3 Pin=C14-2
Removed Pin From Net: NetName=3v3 Pin=C15-1
Removed Pin From Net: NetName=DGND Pin=C16-2
Removed Pin From Net: NetName=DGND Pin=C17-1
Removed Pin From Net: NetName=DGND Pin=C18-2
Removed Pin From Net: NetName=PGND Pin=C20-1
Removed Pin From Net: NetName=PGND Pin=C21-1
Removed Pin From Net: NetName=PGND Pin=C22-1
Removed Pin From Net: NetName=DGND Pin=C24-1
Removed Pin From Net: NetName=3v3 Pin=C24-2
Removed Pin From Net: NetName=DGND Pin=C25-1
Removed Pin From Net: NetName=3v3 Pin=C25-2
Removed Pin From Net: NetName=DGND Pin=C26-2
Removed Pin From Net: NetName=DGND Pin=C27-1
Removed Pin From Net: NetName=3v3 Pin=C27-2
Removed Pin From Net: NetName=PGND Pin=CON1-0
Removed Pin From Net: NetName=PGND Pin=CON1-0
Removed Pin From Net: NetName=PGND Pin=CON1-2
Removed Pin From Net: NetName=PGND Pin=CON2-0
Removed Pin From Net: NetName=PGND Pin=CON2-0
Removed Pin From Net: NetName=DGND Pin=CON3-0
Removed Pin From Net: NetName=DGND Pin=CON3-0
Removed Pin From Net: NetName=DGND Pin=CON3-3
Removed Pin From Net: NetName=DGND Pin=IC1-2
Removed Pin From Net: NetName=5V Pin=IC1-3
Removed Pin From Net: NetName=DGND Pin=IC1-8
Removed Pin From Net: NetName=DGND Pin=IC1-9
Removed Pin From Net: NetName=DGND Pin=IC2-4
Removed Pin From Net: NetName=3v3 Pin=IC2-8
Removed Pin From Net: NetName=PGND Pin=IC3-18
Removed Pin From Net: NetName=PGND Pin=IC3-22
Removed Pin From Net: NetName=PGND Pin=IC3-23
Removed Pin From Net: NetName=PGND Pin=IC3-31
Removed Pin From Net: NetName=PGND Pin=IC3-32
Removed Pin From Net: NetName=PGND Pin=IC3-35
Removed Pin From Net: NetName=PGND Pin=IC3-36
Removed Pin From Net: NetName=PGND Pin=IC3-41
Removed Pin From Net: NetName=DGND Pin=K3-2
Removed Pin From Net: NetName=PGND Pin=K3-4
Removed Pin From Net: NetName=DGND Pin=R2-2
Removed Pin From Net: NetName=3v3 Pin=R5-1
Removed Pin From Net: NetName=PGND Pin=R6-1
Removed Pin From Net: NetName=DGND Pin=R6-2
Removed Pin From Net: NetName=3v3 Pin=R14-2
Removed Pin From Net: NetName=DGND Pin=R15-1
Removed Pin From Net: NetName=PGND Pin=R16-1
Removed Pin From Net: NetName=3v3 Pin=R17-1
Removed Pin From Net: NetName=PGND Pin=R18-1
Removed Pin From Net: NetName=3v3 Pin=R21-2
Removed Pin From Net: NetName=3v3 Pin=R22-2
Removed Pin From Net: NetName=DGND Pin=R26-2
Removed Pin From Net: NetName=DGND Pin=R27-1
Removed Pin From Net: NetName=PGND Pin=U1-1
Removed Pin From Net: NetName=5V Pin=U1-2
Removed Pin From Net: NetName=DGND Pin=U2-3
Removed Pin From Net: NetName=5V Pin=U3-1
Removed Pin From Net: NetName=PGND Pin=U3-2
Removed Pin From Net: NetName=5V Pin=U3-3
Removed Pin From Net: NetName=3v3 Pin=U3-5
Removed Pin From Net: NetName=3v3 Pin=U4-6
Removed Pin From Net: NetName=DGND Pin=U4-7
Removed Pin From Net: NetName=3v3 Pin=U5-1
Removed Pin From Net: NetName=DGND Pin=U5-8
Removed Pin From Net: NetName=3v3 Pin=U5-9
Removed Pin From Net: NetName=DGND Pin=U5-23
Removed Pin From Net: NetName=3v3 Pin=U5-24
Removed Pin From Net: NetName=DGND Pin=U5-35
Removed Pin From Net: NetName=3v3 Pin=U5-36
Removed Pin From Net: NetName=DGND Pin=U5-47
Removed Pin From Net: NetName=3v3 Pin=U5-48
Removed Pin From Net: NetName=DGND Pin=XT1-2
Removed Pin From Net: NetName=DGND Pin=XT1-4
Removed Member From Class: ClassName=Sheet1 Member=CON1
Removed Member From Class: ClassName=Sheet1 Member=CON2
Removed Member From Class: ClassName=Sheet1 Member=CON3
Removed Member From Class: ClassName=Sheet1 Member=K1
Removed Member From Class: ClassName=Sheet1 Member=K2
Removed Member From Class: ClassName=Sheet1 Member=K3
Removed Member From Class: ClassName=Sheet1 Member=U2
Removed Member From Class: ClassName=Sheet1 Member=U3
Removed Member From Class: ClassName=Sheet1 Member=U4
Removed Member From Class: ClassName=Sheet1 Member=U5
Removed Member From Class: ClassName=Sheet1 Member=W1
Removed Member From Class: ClassName=Sheet1 Member=W2
Removed Member From Class: ClassName=Sheet1 Member=XS1
Removed Member From Class: ClassName=Sheet1 Member=XT1
Change Component Footprint: Designator=C6 Old Footprint=CAP_0603 New Footprint=CAP_1210_L
Change Component Footprint: Designator=C7 Old Footprint=CAP_0603 New Footprint=CAP_1210_L
Change Component Footprint: Designator=C8 Old Footprint=CAP_0603 New Footprint=CAP_1210_L
Change Component Footprint: Designator=C9 Old Footprint=CAP_0603 New Footprint=CAP_1210_L
Change Component Footprint: Designator=C10 Old Footprint=CAP_0603 New Footprint=CAP_1210_L
Change Component Footprint: Designator=C11 Old Footprint=CAP_0603 New Footprint=CAP_1210_L
Change Component Footprint: Designator=C12 Old Footprint=CAP_0603 New Footprint=CAP_1210_L
Change Component Footprint: Designator=C13 Old Footprint=CAP_0603 New Footprint=CAP_1210_L
Change Component Footprint: Designator=C14 Old Footprint=CAP_0603 New Footprint=CAP_1210_L
Change Component Footprint: Designator=C15 Old Footprint=CAP_0603 New Footprint=CAP_1210_L
Change Component Footprint: Designator=IC1 Old Footprint=DFN8_3-3 New Footprint=TSSOP8
Change Component Footprint: Designator=D1 Old Footprint=led0603 New Footprint=SOD-323
Change Component Footprint: Designator=D2 Old Footprint=led0603 New Footprint=SOD-323
Change Component Footprint: Designator=IC3 Old Footprint=QFN-40_5X5 New Footprint=TSSOP8
Change Component Footprint: Designator=R5 Old Footprint=RES_0603 New Footprint=RES_0603-SHORT
Change Component Footprint: Designator=R7 Old Footprint=RES_0603 New Footprint=RES_0603-SHORT
Change Component Footprint: Designator=R1 Old Footprint=RES_0603 New Footprint=RES_0805-SHORT
Change Component Footprint: Designator=R2 Old Footprint=RES_0603 New Footprint=RES_0805-SHORT
Change Component Footprint: Designator=R4 Old Footprint=RES_0603 New Footprint=RES_0805-SHORT
Change Component Footprint: Designator=R20 Old Footprint=RES_0603 New Footprint=RES_2512
Change Component Footprint: Designator=R21 Old Footprint=RES_0603 New Footprint=RES_2512
Change Component Footprint: Designator=R22 Old Footprint=RES_0603 New Footprint=RES_2512
Change Component Footprint: Designator=R6 Old Footprint=RES_0603-SHORT New Footprint=RES_0603
Change Component Footprint: Designator=R3 Old Footprint=RES_0603-SHORT New Footprint=RES_0805-SHORT
Change Component Footprint: Designator=R16 Old Footprint=RES_0805 New Footprint=RES_0603
Change Component Footprint: Designator=R18 Old Footprint=RES_0805 New Footprint=RES_0603
Change Component Footprint: Designator=IC2 Old Footprint=SOP8_N New Footprint=TSSOP8
Change Component Footprint: Designator=U1 Old Footprint=SOT223 New Footprint=QFN-24_4X4
Change Component Comment : Designator=R6 Old Comment=0R New Comment=10R
Change Component Comment : Designator=C9 Old Comment=2u2 New Comment=1210-10uF
Change Component Comment : Designator=R13 Old Comment=4.7K New Comment=10K
Change Component Comment : Designator=R17 Old Comment=10k New Comment=22R
Change Component Comment : Designator=C16 Old Comment=22p New Comment=104
Change Component Comment : Designator=C18 Old Comment=22p New Comment=104
Change Component Comment : Designator=C25 Old Comment=104 New Comment=102
Change Component Comment : Designator=C26 Old Comment=104 New Comment=102
Change Component Comment : Designator=C27 Old Comment=104 New Comment=102
Change Component Comment : Designator=C17 Old Comment=104 New Comment=106
Change Component Comment : Designator=C8 Old Comment=104 New Comment=1210-10uF
Change Component Comment : Designator=C14 Old Comment=104 New Comment=1210-100uF
Change Component Comment : Designator=C15 Old Comment=104 New Comment=1210-100uF
Change Component Comment : Designator=C24 Old Comment=105 New Comment=102
Change Component Comment : Designator=C4 Old Comment=106 New Comment=105
Change Component Comment : Designator=C6 Old Comment=106 New Comment=1210-10uF
Change Component Comment : Designator=R5 Old Comment=0603-1K' New Comment=0R
Change Component Comment : Designator=R11 Old Comment=0603-1K New Comment=22R
Change Component Comment : Designator=R12 Old Comment=0603-1K New Comment=22R
Change Component Comment : Designator=R1 Old Comment=0603-3k New Comment=0R
Change Component Comment : Designator=R2 Old Comment=0603-3k New Comment=0R
Change Component Comment : Designator=R21 Old Comment=0603-10k New Comment=005R
Change Component Comment : Designator=R22 Old Comment=0603-10k New Comment=005R
Change Component Comment : Designator=R14 Old Comment=0603-10K New Comment=10K
Change Component Comment : Designator=R9 Old Comment=0603-10K New Comment=20K
Change Component Comment : Designator=R10 Old Comment=0603-10K New Comment=22R
Change Component Comment : Designator=R26 Old Comment=0603-10k New Comment=22R
Change Component Comment : Designator=C1 Old Comment=0603-22u New Comment=104
Change Component Comment : Designator=R7 Old Comment=0603-100 New Comment=0R
Change Component Comment : Designator=R20 Old Comment=0603-100 New Comment=005R
Change Component Comment : Designator=R8 Old Comment=0603-100 New Comment=10R
Change Component Comment : Designator=R19 Old Comment=0603-100 New Comment=20K
Change Component Comment : Designator=R23 Old Comment=0603-100 New Comment=20K
Change Component Comment : Designator=R24 Old Comment=0603-100 New Comment=22R
Change Component Comment : Designator=R25 Old Comment=0603-100 New Comment=22R
Change Component Comment : Designator=C23 Old Comment=0603-104 New Comment=102
Change Component Comment : Designator=C3 Old Comment=0603-104 New Comment=105
Change Component Comment : Designator=C5 Old Comment=0603-104 New Comment=105
Change Component Comment : Designator=C7 Old Comment=0603-104 New Comment=1210-10uF
Change Component Comment : Designator=C12 Old Comment=0603-104 New Comment=1210-100uF
Change Component Comment : Designator=C13 Old Comment=0603-104 New Comment=1210-100uF
Change Component Comment : Designator=C20 Old Comment=0603-106 New Comment=102
Change Component Comment : Designator=C21 Old Comment=0603-106 New Comment=102
Change Component Comment : Designator=C22 Old Comment=0603-106 New Comment=102
Change Component Comment : Designator=C19 Old Comment=0603-106 New Comment=103
Change Component Comment : Designator=C2 Old Comment=0603-106 New Comment=104
Change Component Comment : Designator=C10 Old Comment=0603-106 New Comment=1210-10uF
Change Component Comment : Designator=C11 Old Comment=0603-106 New Comment=1210-10uF
Change Component Comment : Designator=R4 Old Comment=0603-120 New Comment=0R
Change Component Comment : Designator=R15 Old Comment=0603-510 New Comment=10K
Change Component Comment : Designator=R16 Old Comment=0805-0.02 New Comment=1K
Change Component Comment : Designator=R18 Old Comment=0805-0.02 New Comment=1K
Change Component Comment : Designator=U1 Old Comment=AMS1117-5V New Comment=FD6288Q
Change Component Comment : Designator=D1 Old Comment=led New Comment=ss14
Change Component Comment : Designator=D2 Old Comment=led New Comment=ss14
Change Component Comment : Designator=IC2 Old Comment=LM358ADT New Comment=INA240A?
Change Component Comment : Designator=IC3 Old Comment=MP6536DU New Comment=INA240A?
Change Component Comment : Designator=IC1 Old Comment=SIT1050 New Comment=INA240A?
Change component parameters: Designator = "IC1" ("IC1"); Footprint = "DFN8_3-3"; UniqueID = "\LYWSDSYZ" ("\LYWSDSYZ")
Change component parameters (AddParameter): Name = "BOM名称"; Value = "双通道运放-电流采样芯片"; VariantName = "[No Variations]"
Change component parameters (AddParameter): Name = "学习资源"; Value = ""; VariantName = "[No Variations]"
Change component parameters (AddParameter): Name = "版权归属"; Value = ""; VariantName = "[No Variations]"
Change component parameters: Designator = "IC3" ("IC3"); Footprint = "QFN-40_5X5"; UniqueID = "\VTADJFJR" ("\VTADJFJR")
Change component parameters (AddParameter): Name = "BOM名称"; Value = "双通道运放-电流采样芯片"; VariantName = "[No Variations]"
Change component parameters (AddParameter): Name = "学习资源"; Value = ""; VariantName = "[No Variations]"
Change component parameters (AddParameter): Name = "版权归属"; Value = ""; VariantName = "[No Variations]"
Added Component: Designator=C28(CAP_0603)
Added Component: Designator=C29(CAP_0603)
Added Component: Designator=C30(CAP_0603)
Added Component: Designator=C31(CAP_0603)
Added Component: Designator=C32(CAP_0603)
Added Component: Designator=C33(CAP_0603)
Added Component: Designator=C34(CAP_0603)
Added Component: Designator=D3(SOD-323)
Added Component: Designator=D4(SOD-323)
Added Component: Designator=D5(SOD-323)
Added Component: Designator=D6(SOD-323)
Added Component: Designator=D7(SOD-323)
Added Component: Designator=D8(SOD-323)
Added Component: Designator=D9(SOD-323)
Added Component: Designator=D10(SOD-323)
Added Component: Designator=D11(SOD-323)
Added Component: Designator=D12(SOD-323)
Added Component: Designator=IC4(SOP14)
Add component (AddParameter): Name = "Add into BOM"; Value = "yes"; VariantName = "[No Variations]"
Add component (AddParameter): Name = "Convert to PCB"; Value = "yes"; VariantName = "[No Variations]"
Add component (AddParameter): Name = "Device"; Value = "TI"; VariantName = "[No Variations]"
Add component (AddParameter): Name = "JLCPCB Part Class"; Value = "Extended Part"; VariantName = "[No Variations]"
Add component (AddParameter): Name = "Manufacturer"; Value = "TL084CPWR"; VariantName = "[No Variations]"
Add component (AddParameter): Name = "Manufacturer Part"; Value = "TI"; VariantName = "[No Variations]"
Add component (AddParameter): Name = "Name"; Value = "LM324APWR"; VariantName = "[No Variations]"
Add component (AddParameter): Name = "Origin Footprint"; Value = "TSSOP-14_L5.0-W4.4-P0.65-LS6.4-BL"; VariantName = "[No Variations]"
Add component (AddParameter): Name = "Supplier"; Value = "LCSC"; VariantName = "[No Variations]"
Add component (AddParameter): Name = "Supplier Part"; Value = "C85344"; VariantName = "[No Variations]"
Add component (AddParameter): Name = "Symbol"; Value = "LM324APWR"; VariantName = "[No Variations]"
Added Component: Designator=IC(SOT23-5)
Add component (AddParameter): Name = "Add into BOM"; Value = "yes"; VariantName = "[No Variations]"
Add component (AddParameter): Name = "Channel ID"; Value = ""; VariantName = "[No Variations]"
Add component (AddParameter): Name = "Convert to PCB"; Value = "yes"; VariantName = "[No Variations]"
Add component (AddParameter): Name = "Datasheet"; Value = "https://atta.szlcsc.com/upload/public/pdf/source/20180528/C131103_48811F2B458DDCB2A659958D3ACA9936.pdf"; VariantName = "[No Variations]"
Add component (AddParameter): Name = "Device"; Value = "LM321MF/NOPB"; VariantName = "[No Variations]"
Add component (AddParameter): Name = "Group ID"; Value = ""; VariantName = "[No Variations]"
Add component (AddParameter): Name = "JLCPCB Part Class"; Value = "ExtendedPart"; VariantName = "[No Variations]"
Add component (AddParameter): Name = "LCSC Part Name"; Value = "LM321MF/NOPB"; VariantName = "[No Variations]"
Add component (AddParameter): Name = "Manufacturer"; Value = "TI(德州仪器)"; VariantName = "[No Variations]"
Add component (AddParameter): Name = "Manufacturer Part"; Value = "LM321MF/NOPB"; VariantName = "[No Variations]"
Add component (AddParameter): Name = "Name"; Value = "LM321MF/NOPB"; VariantName = "[No Variations]"
Add component (AddParameter): Name = "Number of Circuits"; Value = "1"; VariantName = "[No Variations]"
Add component (AddParameter): Name = "Reuse Block"; Value = ""; VariantName = "[No Variations]"
Add component (AddParameter): Name = "Supplier"; Value = "LCSC"; VariantName = "[No Variations]"
Add component (AddParameter): Name = "Supplier Footprint"; Value = "SOT-23-5"; VariantName = "[No Variations]"
Add component (AddParameter): Name = "Supplier Part"; Value = "C131103"; VariantName = "[No Variations]"
Add component (AddParameter): Name = "Symbol"; Value = "LM321MF/NOPB"; VariantName = "[No Variations]"
Added Component: Designator=NTC1(RES_0603)
Added Component: Designator=NTC2(RES_0603)
Added Component: Designator=P1(HDR2X12)
Add component (AddParameter): Name = "LatestRevisionDate"; Value = "17-Jul-2002"; VariantName = "[No Variations]"
Add component (AddParameter): Name = "LatestRevisionNote"; Value = "Re-released for DXP Platform."; VariantName = "[No Variations]"
Add component (AddParameter): Name = "Publisher"; Value = "Altium Limited"; VariantName = "[No Variations]"
Added Component: Designator=P2(HDR2X12)
Add component (AddParameter): Name = "LatestRevisionDate"; Value = "17-Jul-2002"; VariantName = "[No Variations]"
Add component (AddParameter): Name = "LatestRevisionNote"; Value = "Re-released for DXP Platform."; VariantName = "[No Variations]"
Add component (AddParameter): Name = "Publisher"; Value = "Altium Limited"; VariantName = "[No Variations]"
Added Component: Designator=pad1(PAD-1)
Added Component: Designator=pad2(PAD-1)
Added Component: Designator=pad3(PAD-1)
Added Component: Designator=pad4(PAD-1)
Added Component: Designator=pad5(PAD-1)
Added Component: Designator=pad6(PAD-1)
Added Component: Designator=pad7(PAD-1)
Added Component: Designator=pad8(PAD-1)
Added Component: Designator=pad9(PAD-1)
Added Component: Designator=pad10(PAD-1)
Added Component: Designator=pad11(PAD-1)
Added Component: Designator=pad12(PAD-1)
Added Component: Designator=pad13(PAD-1)
Added Component: Designator=pad14(PAD-1)
Added Component: Designator=pad15(PAD-1)
Added Component: Designator=pad16(PAD-1)
Added Component: Designator=pad17(PAD-1)
Added Component: Designator=pad18(PAD-1)
Added Component: Designator=pad19(PAD-1)
Added Component: Designator=Q1(TO252-2)
Added Component: Designator=Q2(TO252-2)
Added Component: Designator=Q3(TO252-2)
Added Component: Designator=Q4(TO252-2)
Added Component: Designator=Q5(TO252-2)
Added Component: Designator=Q6(TO252-2)
Added Component: Designator=R28(RES_0603)
Added Component: Designator=R29(RES_0603)
Added Component: Designator=R30(RES_0603)
Added Component: Designator=R31(RES_0603)
Added Component: Designator=R32(RES_0603)
Added Component: Designator=R33(RES_0603)
Added Component: Designator=R34(RES_0603)
Added Component: Designator=R35(RES_0603)
Added Component: Designator=R36(RES_2512)
Added Component: Designator=R37(RES_2512)
Added Component: Designator=R38(RES_2512)
Added Component: Designator=R39(RES_0603)
Added Component: Designator=R40(RES_0603)
Added Component: Designator=R41(RES_0603)
Added Component: Designator=R42(RES_2512)
Added Component: Designator=R43(RES_0603)
Added Component: Designator=R44(RES_0603)
Added Component: Designator=R45(RES_0603)
Added Component: Designator=R46(RES_0603)
Added Component: Designator=R47(RES_0603)
Added Component: Designator=R48(RES_0603)
Added Component: Designator=R49(RES_0603)
Added Component: Designator=R50(RES_0603)
Added Component: Designator=R51(RES_0603)
Added Component: Designator=R52(RES_0603)
Added Component: Designator=R53(RES_0603)
Added Component: Designator=R54(RES_0603)
Added Component: Designator=R55(RES_0603)
Added Component: Designator=S1(XT30PW-M)
Added Pin To Net: NetName=DGND Pin=C6-2
Added Pin To Net: NetName=DGND Pin=C7-2
Added Pin To Net: NetName=DGND Pin=C10-2
Added Pin To Net: NetName=DGND Pin=C11-2
Added Pin To Net: NetName=DGND Pin=C12-2
Added Pin To Net: NetName=DGND Pin=C13-2
Added Pin To Net: NetName=DGND Pin=C14-2
Added Pin To Net: NetName=3v3 Pin=C16-2
Added Pin To Net: NetName=PGND Pin=C18-1
Added Pin To Net: NetName=PGND Pin=C23-1
Added Pin To Net: NetName=PGND Pin=C27-1
Added Pin To Net: NetName=PGND Pin=C30-1
Added Pin To Net: NetName=PGND Pin=C31-1
Added Pin To Net: NetName=3v3 Pin=D3-1
Added Pin To Net: NetName=PGND Pin=IC1-4
Added Pin To Net: NetName=PGND Pin=IC2-4
Added Pin To Net: NetName=PGND Pin=IC3-4
Added Pin To Net: NetName=PGND Pin=IC4-11
Added Pin To Net: NetName=PGND Pin=IC-2
Added Pin To Net: NetName=DGND Pin=P1-1
Added Pin To Net: NetName=DGND Pin=P1-2
Added Pin To Net: NetName=DGND Pin=P1-3
Added Pin To Net: NetName=DGND Pin=P1-4
Added Pin To Net: NetName=DGND Pin=P1-5
Added Pin To Net: NetName=DGND Pin=P1-6
Added Pin To Net: NetName=DGND Pin=P1-7
Added Pin To Net: NetName=DGND Pin=P1-8
Added Pin To Net: NetName=DGND Pin=P1-9
Added Pin To Net: NetName=DGND Pin=P1-10
Added Pin To Net: NetName=DGND Pin=P1-11
Added Pin To Net: NetName=PGND Pin=P1-13
Added Pin To Net: NetName=5V Pin=P2-19
Added Pin To Net: NetName=3v3 Pin=P2-22
Added Pin To Net: NetName=5V Pin=pad7-1
Added Pin To Net: NetName=DGND Pin=Q1-2
Added Pin To Net: NetName=DGND Pin=Q2-2
Added Pin To Net: NetName=DGND Pin=Q3-2
Added Pin To Net: NetName=PGND Pin=R2-2
Added Pin To Net: NetName=PGND Pin=R4-2
Added Pin To Net: NetName=PGND Pin=R8-2
Added Pin To Net: NetName=DGND Pin=S1-1
Added Pin To Net: NetName=3v3 Pin=U1-4
Change Net Name : Old Net Name=3v3 New Net Name=12V
Change Net Name : Old Net Name=DGND New Net Name=DCBUS
Change Net Name : Old Net Name=PGND New Net Name=AGND
Added Pin To Net: NetName=3V3 Pin=D10-2
Added Pin To Net: NetName=3V3 Pin=D11-2
Added Pin To Net: NetName=3V3 Pin=D12-2
Added Pin To Net: NetName=3V3 Pin=P2-21
Added Pin To Net: NetName=3V3 Pin=R33-1
Added Pin To Net: NetName=3V3 Pin=R34-1
Added Net: Name=3V3
Added Pin To Net: NetName=A3V3 Pin=C1-2
Added Pin To Net: NetName=A3V3 Pin=C2-2
Added Pin To Net: NetName=A3V3 Pin=C18-2
Added Pin To Net: NetName=A3V3 Pin=IC-5
Added Pin To Net: NetName=A3V3 Pin=IC1-5
Added Pin To Net: NetName=A3V3 Pin=IC1-6
Added Pin To Net: NetName=A3V3 Pin=IC2-5
Added Pin To Net: NetName=A3V3 Pin=IC2-6
Added Pin To Net: NetName=A3V3 Pin=IC3-5
Added Pin To Net: NetName=A3V3 Pin=IC3-6
Added Pin To Net: NetName=A3V3 Pin=IC4-4
Added Pin To Net: NetName=A3V3 Pin=P2-24
Added Pin To Net: NetName=A3V3 Pin=R6-1
Added Net: Name=A3V3
Added Pin To Net: NetName=DAC Pin=P2-9
Added Pin To Net: NetName=DAC Pin=R5-1
Added Net: Name=DAC
Added Pin To Net: NetName=GND Pin=C16-1
Added Pin To Net: NetName=GND Pin=C17-1
Added Pin To Net: NetName=GND Pin=C28-1
Added Pin To Net: NetName=GND Pin=C29-1
Added Pin To Net: NetName=GND Pin=C32-1
Added Pin To Net: NetName=GND Pin=C33-1
Added Pin To Net: NetName=GND Pin=C34-1
Added Pin To Net: NetName=GND Pin=IC1-7
Added Pin To Net: NetName=GND Pin=IC2-7
Added Pin To Net: NetName=GND Pin=IC3-7
Added Pin To Net: NetName=GND Pin=NTC1-2
Added Pin To Net: NetName=GND Pin=NTC2-2
Added Pin To Net: NetName=GND Pin=P1-12
Added Pin To Net: NetName=GND Pin=R1-2
Added Pin To Net: NetName=GND Pin=R2-1
Added Pin To Net: NetName=GND Pin=R3-2
Added Pin To Net: NetName=GND Pin=R4-1
Added Pin To Net: NetName=GND Pin=R30-1
Added Pin To Net: NetName=GND Pin=R42-1
Added Pin To Net: NetName=GND Pin=R53-2
Added Pin To Net: NetName=GND Pin=R54-2
Added Pin To Net: NetName=GND Pin=R55-2
Added Pin To Net: NetName=GND Pin=U1-6
Added Net: Name=GND
Added Pin To Net: NetName=HIN1 Pin=P2-3
Added Pin To Net: NetName=HIN1 Pin=U1-22
Added Net: Name=HIN1
Added Pin To Net: NetName=HIN2 Pin=P2-6
Added Pin To Net: NetName=HIN2 Pin=U1-23
Added Net: Name=HIN2
Added Pin To Net: NetName=HIN3 Pin=P2-5
Added Pin To Net: NetName=HIN3 Pin=U1-24
Added Net: Name=HIN3
Added Pin To Net: NetName=HO1 Pin=D4-2
Added Pin To Net: NetName=HO1 Pin=R10-2
Added Pin To Net: NetName=HO1 Pin=U1-19
Added Net: Name=HO1
Added Pin To Net: NetName=HO2 Pin=D5-2
Added Pin To Net: NetName=HO2 Pin=R11-2
Added Pin To Net: NetName=HO2 Pin=U1-16
Added Net: Name=HO2
Added Pin To Net: NetName=HO3 Pin=D6-2
Added Pin To Net: NetName=HO3 Pin=R12-2
Added Pin To Net: NetName=HO3 Pin=U1-13
Added Net: Name=HO3
Added Pin To Net: NetName=IA+ Pin=C24-1
Added Pin To Net: NetName=IA+ Pin=Q4-3
Added Pin To Net: NetName=IA+ Pin=R18-1
Added Pin To Net: NetName=IA+ Pin=R27-2
Added Pin To Net: NetName=IA+ Pin=R36-2
Added Net: Name=IA+
Added Pin To Net: NetName=IA- Pin=R16-1
Added Pin To Net: NetName=IA- Pin=R32-1
Added Pin To Net: NetName=IA- Pin=R36-1
Added Pin To Net: NetName=IA- Pin=R37-1
Added Pin To Net: NetName=IA- Pin=R38-1
Added Pin To Net: NetName=IA- Pin=R40-1
Added Pin To Net: NetName=IA- Pin=R42-2
Added Pin To Net: NetName=IA- Pin=R46-1
Added Net: Name=IA-
Added Pin To Net: NetName=IA Pin=C23-2
Added Pin To Net: NetName=IA Pin=P2-12
Added Pin To Net: NetName=IA Pin=pad6-1
Added Pin To Net: NetName=IA Pin=R17-2
Added Net: Name=IA
Added Pin To Net: NetName=IB+ Pin=C25-1
Added Pin To Net: NetName=IB+ Pin=Q5-3
Added Pin To Net: NetName=IB+ Pin=R28-2
Added Pin To Net: NetName=IB+ Pin=R37-2
Added Pin To Net: NetName=IB+ Pin=R43-1
Added Net: Name=IB+
Added Pin To Net: NetName=IB Pin=C30-2
Added Pin To Net: NetName=IB Pin=P2-11
Added Pin To Net: NetName=IB Pin=pad15-1
Added Pin To Net: NetName=IB Pin=R41-2
Added Net: Name=IB
Added Pin To Net: NetName=IBUS Pin=C27-2
Added Pin To Net: NetName=IBUS Pin=P2-13
Added Pin To Net: NetName=IBUS Pin=pad14-1
Added Pin To Net: NetName=IBUS Pin=R31-2
Added Net: Name=IBUS
Added Pin To Net: NetName=IC+ Pin=C26-1
Added Pin To Net: NetName=IC+ Pin=Q6-3
Added Pin To Net: NetName=IC+ Pin=R29-2
Added Pin To Net: NetName=IC+ Pin=R38-2
Added Pin To Net: NetName=IC+ Pin=R51-1
Added Net: Name=IC+
Added Pin To Net: NetName=IC Pin=C31-2
Added Pin To Net: NetName=IC Pin=P2-14
Added Pin To Net: NetName=IC Pin=pad16-1
Added Pin To Net: NetName=IC Pin=R47-2
Added Net: Name=IC
Added Pin To Net: NetName=LIN1 Pin=P2-2
Added Pin To Net: NetName=LIN1 Pin=U1-1
Added Net: Name=LIN1
Added Pin To Net: NetName=LIN2 Pin=P2-1
Added Pin To Net: NetName=LIN2 Pin=U1-2
Added Net: Name=LIN2
Added Pin To Net: NetName=LIN3 Pin=P2-4
Added Pin To Net: NetName=LIN3 Pin=U1-3
Added Net: Name=LIN3
Added Pin To Net: NetName=LO1 Pin=D7-2
Added Pin To Net: NetName=LO1 Pin=R24-2
Added Pin To Net: NetName=LO1 Pin=U1-10
Added Pin To Net: NetName=LO1 Pin=U1-11
Added Net: Name=LO1
Added Pin To Net: NetName=LO2 Pin=D8-2
Added Pin To Net: NetName=LO2 Pin=R25-2
Added Net: Name=LO2
Added Pin To Net: NetName=LO3 Pin=D9-2
Added Pin To Net: NetName=LO3 Pin=R26-2
Added Pin To Net: NetName=LO3 Pin=U1-9
Added Net: Name=LO3
Added Pin To Net: NetName=MA_ADC Pin=IC1-8
Added Pin To Net: NetName=MA_ADC Pin=P2-8
Added Net: Name=MA_ADC
Added Pin To Net: NetName=MA Pin=IC1-2
Added Pin To Net: NetName=MA Pin=pad8-1
Added Pin To Net: NetName=MA Pin=R20-2
Added Pin To Net: NetName=MA Pin=R48-1
Added Net: Name=MA
Added Pin To Net: NetName=MB_ADC Pin=IC2-8
Added Pin To Net: NetName=MB_ADC Pin=P2-7
Added Net: Name=MB_ADC
Added Pin To Net: NetName=MB Pin=IC2-2
Added Pin To Net: NetName=MB Pin=pad9-1
Added Pin To Net: NetName=MB Pin=R21-2
Added Pin To Net: NetName=MB Pin=R49-1
Added Net: Name=MB
Added Pin To Net: NetName=MC_ADC Pin=IC3-8
Added Pin To Net: NetName=MC_ADC Pin=P2-10
Added Net: Name=MC_ADC
Added Pin To Net: NetName=MC Pin=IC3-2
Added Pin To Net: NetName=MC Pin=pad10-1
Added Pin To Net: NetName=MC Pin=R22-2
Added Pin To Net: NetName=MC Pin=R50-1
Added Net: Name=MC
Added Pin To Net: NetName=NetC19_2 Pin=C19-2
Added Pin To Net: NetName=NetC19_2 Pin=IC-1
Added Pin To Net: NetName=NetC19_2 Pin=pad1-1
Added Pin To Net: NetName=NetC19_2 Pin=R5-2
Added Pin To Net: NetName=NetC19_2 Pin=R7-2
Added Net: Name=NetC19_2
Added Pin To Net: NetName=NetC20_2 Pin=C20-2
Added Pin To Net: NetName=NetC20_2 Pin=D4-1
Added Pin To Net: NetName=NetC20_2 Pin=pad2-1
Added Pin To Net: NetName=NetC20_2 Pin=Q1-1
Added Pin To Net: NetName=NetC20_2 Pin=R10-1
Added Pin To Net: NetName=NetC20_2 Pin=R13-1
Added Net: Name=NetC20_2
Added Pin To Net: NetName=NetC21_2 Pin=C21-2
Added Pin To Net: NetName=NetC21_2 Pin=D5-1
Added Pin To Net: NetName=NetC21_2 Pin=pad3-1
Added Pin To Net: NetName=NetC21_2 Pin=Q2-1
Added Pin To Net: NetName=NetC21_2 Pin=R11-1
Added Pin To Net: NetName=NetC21_2 Pin=R14-1
Added Net: Name=NetC21_2
Added Pin To Net: NetName=NetC22_2 Pin=C22-2
Added Pin To Net: NetName=NetC22_2 Pin=D6-1
Added Pin To Net: NetName=NetC22_2 Pin=pad4-1
Added Pin To Net: NetName=NetC22_2 Pin=Q3-1
Added Pin To Net: NetName=NetC22_2 Pin=R12-1
Added Pin To Net: NetName=NetC22_2 Pin=R15-1
Added Net: Name=NetC22_2
Added Pin To Net: NetName=NetC24_2 Pin=C24-2
Added Pin To Net: NetName=NetC24_2 Pin=D7-1
Added Pin To Net: NetName=NetC24_2 Pin=pad11-1
Added Pin To Net: NetName=NetC24_2 Pin=Q4-1
Added Pin To Net: NetName=NetC24_2 Pin=R24-1
Added Pin To Net: NetName=NetC24_2 Pin=R27-1
Added Net: Name=NetC24_2
Added Pin To Net: NetName=NetC25_2 Pin=C25-2
Added Pin To Net: NetName=NetC25_2 Pin=D8-1
Added Pin To Net: NetName=NetC25_2 Pin=pad12-1
Added Pin To Net: NetName=NetC25_2 Pin=Q5-1
Added Pin To Net: NetName=NetC25_2 Pin=R25-1
Added Pin To Net: NetName=NetC25_2 Pin=R28-1
Added Net: Name=NetC25_2
Added Pin To Net: NetName=NetC26_2 Pin=C26-2
Added Pin To Net: NetName=NetC26_2 Pin=D9-1
Added Pin To Net: NetName=NetC26_2 Pin=pad13-1
Added Pin To Net: NetName=NetC26_2 Pin=Q6-1
Added Pin To Net: NetName=NetC26_2 Pin=R26-1
Added Pin To Net: NetName=NetC26_2 Pin=R29-1
Added Net: Name=NetC26_2
Added Pin To Net: NetName=NetIC4_1 Pin=IC4-1
Added Pin To Net: NetName=NetIC4_1 Pin=R9-2
Added Pin To Net: NetName=NetIC4_1 Pin=R17-1
Added Net: Name=NetIC4_1
Added Pin To Net: NetName=NetIC4_2 Pin=IC4-2
Added Pin To Net: NetName=NetIC4_2 Pin=R9-1
Added Pin To Net: NetName=NetIC4_2 Pin=R16-2
Added Net: Name=NetIC4_2
Added Pin To Net: NetName=NetIC4_3 Pin=IC4-3
Added Pin To Net: NetName=NetIC4_3 Pin=R18-2
Added Pin To Net: NetName=NetIC4_3 Pin=R19-2
Added Net: Name=NetIC4_3
Added Pin To Net: NetName=NetIC4_5 Pin=IC4-5
Added Pin To Net: NetName=NetIC4_5 Pin=R43-2
Added Pin To Net: NetName=NetIC4_5 Pin=R44-2
Added Net: Name=NetIC4_5
Added Pin To Net: NetName=NetIC4_6 Pin=IC4-6
Added Pin To Net: NetName=NetIC4_6 Pin=R39-1
Added Pin To Net: NetName=NetIC4_6 Pin=R40-2
Added Net: Name=NetIC4_6
Added Pin To Net: NetName=NetIC4_7 Pin=IC4-7
Added Pin To Net: NetName=NetIC4_7 Pin=R39-2
Added Pin To Net: NetName=NetIC4_7 Pin=R41-1
Added Net: Name=NetIC4_7
Added Pin To Net: NetName=NetIC4_8 Pin=IC4-8
Added Pin To Net: NetName=NetIC4_8 Pin=R45-2
Added Pin To Net: NetName=NetIC4_8 Pin=R47-1
Added Net: Name=NetIC4_8
Added Pin To Net: NetName=NetIC4_9 Pin=IC4-9
Added Pin To Net: NetName=NetIC4_9 Pin=R45-1
Added Pin To Net: NetName=NetIC4_9 Pin=R46-2
Added Net: Name=NetIC4_9
Added Pin To Net: NetName=NetIC4_10 Pin=IC4-10
Added Pin To Net: NetName=NetIC4_10 Pin=R51-2
Added Pin To Net: NetName=NetIC4_10 Pin=R52-2
Added Net: Name=NetIC4_10
Added Pin To Net: NetName=NetIC4_12 Pin=IC4-12
Added Pin To Net: NetName=NetIC4_12 Pin=R32-2
Added Pin To Net: NetName=NetIC4_12 Pin=R35-2
Added Net: Name=NetIC4_12
Added Pin To Net: NetName=NetIC4_13 Pin=IC4-13
Added Pin To Net: NetName=NetIC4_13 Pin=R23-1
Added Pin To Net: NetName=NetIC4_13 Pin=R30-2
Added Net: Name=NetIC4_13
Added Pin To Net: NetName=NetIC4_14 Pin=IC4-14
Added Pin To Net: NetName=NetIC4_14 Pin=R23-2
Added Pin To Net: NetName=NetIC4_14 Pin=R31-1
Added Net: Name=NetIC4_14
Added Pin To Net: NetName=NetR6_2 Pin=R6-2
Added Pin To Net: NetName=NetR6_2 Pin=R7-1
Added Pin To Net: NetName=NetR6_2 Pin=R8-1
Added Net: Name=NetR6_2
Added Pin To Net: NetName=NTC1 Pin=C28-2
Added Pin To Net: NetName=NTC1 Pin=NTC1-1
Added Pin To Net: NetName=NTC1 Pin=P2-17
Added Pin To Net: NetName=NTC1 Pin=R33-2
Added Net: Name=NTC1
Added Pin To Net: NetName=NTC2 Pin=C29-2
Added Pin To Net: NetName=NTC2 Pin=NTC2-1
Added Pin To Net: NetName=NTC2 Pin=P2-20
Added Pin To Net: NetName=NTC2 Pin=R34-2
Added Net: Name=NTC2
Added Pin To Net: NetName=PGND Pin=C6-1
Added Pin To Net: NetName=PGND Pin=C7-1
Added Pin To Net: NetName=PGND Pin=C8-1
Added Pin To Net: NetName=PGND Pin=C9-1
Added Pin To Net: NetName=PGND Pin=C10-1
Added Pin To Net: NetName=PGND Pin=C11-1
Added Pin To Net: NetName=PGND Pin=C12-1
Added Pin To Net: NetName=PGND Pin=C13-1
Added Pin To Net: NetName=PGND Pin=C14-1
Added Pin To Net: NetName=PGND Pin=C15-1
Added Pin To Net: NetName=PGND Pin=P1-14
Added Pin To Net: NetName=PGND Pin=P1-15
Added Pin To Net: NetName=PGND Pin=P1-16
Added Pin To Net: NetName=PGND Pin=P1-17
Added Pin To Net: NetName=PGND Pin=P1-18
Added Pin To Net: NetName=PGND Pin=P1-19
Added Pin To Net: NetName=PGND Pin=P1-20
Added Pin To Net: NetName=PGND Pin=P1-21
Added Pin To Net: NetName=PGND Pin=P1-22
Added Pin To Net: NetName=PGND Pin=P1-23
Added Pin To Net: NetName=PGND Pin=P1-24
Added Pin To Net: NetName=PGND Pin=R1-1
Added Pin To Net: NetName=PGND Pin=R3-1
Added Pin To Net: NetName=PGND Pin=S1-2
Added Pin To Net: NetName=PGND Pin=S1-3
Added Pin To Net: NetName=PGND Pin=S1-4
Added Net: Name=PGND
Added Pin To Net: NetName=VA Pin=C32-2
Added Pin To Net: NetName=VA Pin=D10-1
Added Pin To Net: NetName=VA Pin=P2-16
Added Pin To Net: NetName=VA Pin=pad17-1
Added Pin To Net: NetName=VA Pin=R48-2
Added Pin To Net: NetName=VA Pin=R53-1
Added Net: Name=VA
Added Pin To Net: NetName=VB1 Pin=C5-2
Added Pin To Net: NetName=VB1 Pin=D3-2
Added Pin To Net: NetName=VB1 Pin=U1-20
Added Net: Name=VB1
Added Pin To Net: NetName=VB2 Pin=C4-2
Added Pin To Net: NetName=VB2 Pin=D2-2
Added Pin To Net: NetName=VB2 Pin=U1-17
Added Net: Name=VB2
Added Pin To Net: NetName=VB3 Pin=C3-2
Added Pin To Net: NetName=VB3 Pin=D1-2
Added Pin To Net: NetName=VB3 Pin=U1-14
Added Net: Name=VB3
Added Pin To Net: NetName=VB Pin=C33-2
Added Pin To Net: NetName=VB Pin=D11-1
Added Pin To Net: NetName=VB Pin=P2-15
Added Pin To Net: NetName=VB Pin=pad18-1
Added Pin To Net: NetName=VB Pin=R49-2
Added Pin To Net: NetName=VB Pin=R54-1
Added Net: Name=VB
Added Pin To Net: NetName=VC Pin=C34-2
Added Pin To Net: NetName=VC Pin=D12-1
Added Pin To Net: NetName=VC Pin=P2-18
Added Pin To Net: NetName=VC Pin=pad19-1
Added Pin To Net: NetName=VC Pin=R50-2
Added Pin To Net: NetName=VC Pin=R55-1
Added Net: Name=VC
Added Pin To Net: NetName=Vref Pin=IC-3
Added Pin To Net: NetName=Vref Pin=IC-4
Added Pin To Net: NetName=Vref Pin=pad5-1
Added Pin To Net: NetName=Vref Pin=R19-1
Added Pin To Net: NetName=Vref Pin=R35-1
Added Pin To Net: NetName=Vref Pin=R44-1
Added Pin To Net: NetName=Vref Pin=R52-1
Added Net: Name=Vref
Added Pin To Net: NetName=VS1 Pin=C5-1
Added Pin To Net: NetName=VS1 Pin=C20-1
Added Pin To Net: NetName=VS1 Pin=IC1-3
Added Pin To Net: NetName=VS1 Pin=Q1-3
Added Pin To Net: NetName=VS1 Pin=Q4-2
Added Pin To Net: NetName=VS1 Pin=R13-2
Added Pin To Net: NetName=VS1 Pin=R20-1
Added Pin To Net: NetName=VS1 Pin=U1-18
Added Net: Name=VS1
Added Pin To Net: NetName=VS2 Pin=C4-1
Added Pin To Net: NetName=VS2 Pin=C21-1
Added Pin To Net: NetName=VS2 Pin=IC2-3
Added Pin To Net: NetName=VS2 Pin=Q2-3
Added Pin To Net: NetName=VS2 Pin=Q5-2
Added Pin To Net: NetName=VS2 Pin=R14-2
Added Pin To Net: NetName=VS2 Pin=R21-1
Added Pin To Net: NetName=VS2 Pin=U1-15
Added Net: Name=VS2
Added Pin To Net: NetName=VS3 Pin=C3-1
Added Pin To Net: NetName=VS3 Pin=C22-1
Added Pin To Net: NetName=VS3 Pin=IC3-3
Added Pin To Net: NetName=VS3 Pin=Q3-3
Added Pin To Net: NetName=VS3 Pin=Q6-2
Added Pin To Net: NetName=VS3 Pin=R15-2
Added Pin To Net: NetName=VS3 Pin=R22-1
Added Pin To Net: NetName=VS3 Pin=U1-12
Added Net: Name=VS3
Added Member To Class: ClassName=Sheet1 Member=Component C28 102
Added Member To Class: ClassName=Sheet1 Member=Component C29 102
Added Member To Class: ClassName=Sheet1 Member=Component C30 102
Added Member To Class: ClassName=Sheet1 Member=Component C31 102
Added Member To Class: ClassName=Sheet1 Member=Component C32 102
Added Member To Class: ClassName=Sheet1 Member=Component C33 102
Added Member To Class: ClassName=Sheet1 Member=Component C34 102
Added Member To Class: ClassName=Sheet1 Member=Component D3 ss14
Added Member To Class: ClassName=Sheet1 Member=Component D4 ss14
Added Member To Class: ClassName=Sheet1 Member=Component D5 ss14
Added Member To Class: ClassName=Sheet1 Member=Component D6 ss14
Added Member To Class: ClassName=Sheet1 Member=Component D7 ss14
Added Member To Class: ClassName=Sheet1 Member=Component D8 ss14
Added Member To Class: ClassName=Sheet1 Member=Component D9 ss14
Added Member To Class: ClassName=Sheet1 Member=Component D10 ss14
Added Member To Class: ClassName=Sheet1 Member=Component D11 ss14
Added Member To Class: ClassName=Sheet1 Member=Component D12 ss14
Added Member To Class: ClassName=Sheet1 Member=Component IC4 LM324APWR
Added Member To Class: ClassName=Sheet1 Member=Component IC LM321MF
Added Member To Class: ClassName=Sheet1 Member=Component NTC1 10K
Added Member To Class: ClassName=Sheet1 Member=Component NTC2 10K
Added Member To Class: ClassName=Sheet1 Member=Component P1 Header 12X2
Added Member To Class: ClassName=Sheet1 Member=Component P2 Header 12X2
Added Member To Class: ClassName=Sheet1 Member=Component pad1 Vref_IN
Added Member To Class: ClassName=Sheet1 Member=Component pad2 HO1
Added Member To Class: ClassName=Sheet1 Member=Component pad3 HO2
Added Member To Class: ClassName=Sheet1 Member=Component pad4 HO3
Added Member To Class: ClassName=Sheet1 Member=Component pad5 Vref
Added Member To Class: ClassName=Sheet1 Member=Component pad6 IA
Added Member To Class: ClassName=Sheet1 Member=Component pad7 5V
Added Member To Class: ClassName=Sheet1 Member=Component pad8 MA
Added Member To Class: ClassName=Sheet1 Member=Component pad9 MB
Added Member To Class: ClassName=Sheet1 Member=Component pad10 MC
Added Member To Class: ClassName=Sheet1 Member=Component pad11 LO1
Added Member To Class: ClassName=Sheet1 Member=Component pad12 LO2
Added Member To Class: ClassName=Sheet1 Member=Component pad13 LO3
Added Member To Class: ClassName=Sheet1 Member=Component pad14 IBUS
Added Member To Class: ClassName=Sheet1 Member=Component pad15 IB
Added Member To Class: ClassName=Sheet1 Member=Component pad16 IC
Added Member To Class: ClassName=Sheet1 Member=Component pad17 VA
Added Member To Class: ClassName=Sheet1 Member=Component pad18 VB
Added Member To Class: ClassName=Sheet1 Member=Component pad19 VC
Added Member To Class: ClassName=Sheet1 Member=Component Q1 NCE6080K
Added Member To Class: ClassName=Sheet1 Member=Component Q2 NCE6080K
Added Member To Class: ClassName=Sheet1 Member=Component Q3 NCE6080K
Added Member To Class: ClassName=Sheet1 Member=Component Q4 NCE6080K
Added Member To Class: ClassName=Sheet1 Member=Component Q5 NCE6080K
Added Member To Class: ClassName=Sheet1 Member=Component Q6 NCE6080K
Added Member To Class: ClassName=Sheet1 Member=Component R28 10K
Added Member To Class: ClassName=Sheet1 Member=Component R29 10K
Added Member To Class: ClassName=Sheet1 Member=Component R30 1K
Added Member To Class: ClassName=Sheet1 Member=Component R31 22R
Added Member To Class: ClassName=Sheet1 Member=Component R32 1K
Added Member To Class: ClassName=Sheet1 Member=Component R33 10K
Added Member To Class: ClassName=Sheet1 Member=Component R34 10K
Added Member To Class: ClassName=Sheet1 Member=Component R35 20K
Added Member To Class: ClassName=Sheet1 Member=Component R36 005R
Added Member To Class: ClassName=Sheet1 Member=Component R37 005R
Added Member To Class: ClassName=Sheet1 Member=Component R38 005R
Added Member To Class: ClassName=Sheet1 Member=Component R39 20K
Added Member To Class: ClassName=Sheet1 Member=Component R40 1K
Added Member To Class: ClassName=Sheet1 Member=Component R41 22R
Added Member To Class: ClassName=Sheet1 Member=Component R42 005R
Added Member To Class: ClassName=Sheet1 Member=Component R43 1K
Added Member To Class: ClassName=Sheet1 Member=Component R44 20K
Added Member To Class: ClassName=Sheet1 Member=Component R45 20K
Added Member To Class: ClassName=Sheet1 Member=Component R46 1K
Added Member To Class: ClassName=Sheet1 Member=Component R47 22R
Added Member To Class: ClassName=Sheet1 Member=Component R48 30K
Added Member To Class: ClassName=Sheet1 Member=Component R49 30K
Added Member To Class: ClassName=Sheet1 Member=Component R50 30K
Added Member To Class: ClassName=Sheet1 Member=Component R51 1K
Added Member To Class: ClassName=Sheet1 Member=Component R52 20K
Added Member To Class: ClassName=Sheet1 Member=Component R53 2K
Added Member To Class: ClassName=Sheet1 Member=Component R54 2K
Added Member To Class: ClassName=Sheet1 Member=Component R55 2K
Added Member To Class: ClassName=Sheet1 Member=Component S1 XT30PW
Added Room: Name=Sheet1
