Removed Pin From Net: NetName=PGND Pin=C1-1
Removed Pin From Net: NetName=PGND Pin=C2-1
Removed Pin From Net: NetName=PGND Pin=C4-1
Removed Pin From Net: NetName=3v3 Pin=C4-2
Removed Pin From Net: NetName=PGND Pin=C6-1
Removed Pin From Net: NetName=3v3 Pin=C8-1
Removed Pin From Net: NetName=PGND Pin=C10-1
Removed Pin From Net: NetName=PGND Pin=C11-1
Removed Pin From Net: NetName=3v3 Pin=C14-2
Removed Pin From Net: NetName=3v3 Pin=C15-1
Removed Pin From Net: NetName=3v3 Pin=C17-2
Removed Pin From Net: NetName=PGND Pin=C19-1
Removed Pin From Net: NetName=DC+ Pin=C19-2
Removed Pin From Net: NetName=PGND Pin=C20-1
Removed Pin From Net: NetName=DC+ Pin=C20-2
Removed Pin From Net: NetName=PGND Pin=C21-1
Removed Pin From Net: NetName=DC+ Pin=C21-2
Removed Pin From Net: NetName=PGND Pin=C22-1
Removed Pin From Net: NetName=3v3 Pin=C27-2
Removed Pin From Net: NetName=PGND Pin=CON1-0
Removed Pin From Net: NetName=PGND Pin=CON1-0
Removed Pin From Net: NetName=DC+ Pin=CON1-1
Removed Pin From Net: NetName=PGND Pin=CON1-2
Removed Pin From Net: NetName=3v3 Pin=D1-1
Removed Pin From Net: NetName=3v3 Pin=D2-1
Removed Pin From Net: NetName=3v3 Pin=IC2-8
Removed Pin From Net: NetName=DC+ Pin=IC3-3
Removed Pin From Net: NetName=DC+ Pin=IC3-4
Removed Pin From Net: NetName=DC+ Pin=IC3-5
Removed Pin From Net: NetName=PGND Pin=IC3-18
Removed Pin From Net: NetName=PGND Pin=IC3-22
Removed Pin From Net: NetName=PGND Pin=IC3-23
Removed Pin From Net: NetName=DC+ Pin=IC3-26
Removed Pin From Net: NetName=DC+ Pin=IC3-27
Removed Pin From Net: NetName=DC+ Pin=IC3-28
Removed Pin From Net: NetName=PGND Pin=IC3-31
Removed Pin From Net: NetName=PGND Pin=IC3-32
Removed Pin From Net: NetName=NetC13_2 Pin=IC3-33
Removed Pin From Net: NetName=PGND Pin=IC3-35
Removed Pin From Net: NetName=PGND Pin=IC3-36
Removed Pin From Net: NetName=NetC10_2 Pin=IC3-37
Removed Pin From Net: NetName=NetC12_2 Pin=IC3-38
Removed Pin From Net: NetName=PGND Pin=IC3-41
Removed Pin From Net: NetName=PB7 Pin=K3-1
Removed Pin From Net: NetName=PGND Pin=K3-4
Removed Pin From Net: NetName=CAN1H Pin=R3-1
Removed Pin From Net: NetName=CAN1L Pin=R4-1
Removed Pin From Net: NetName=NetR3_2 Pin=R4-2
Removed Pin From Net: NetName=3v3 Pin=R5-1
Removed Pin From Net: NetName=PGND Pin=R6-1
Removed Pin From Net: NetName=3v3 Pin=R14-2
Removed Pin From Net: NetName=PGND Pin=R16-1
Removed Pin From Net: NetName=3v3 Pin=R17-1
Removed Pin From Net: NetName=PGND Pin=R18-1
Removed Pin From Net: NetName=3v3 Pin=R22-2
Removed Pin From Net: NetName=PGND Pin=U1-1
Removed Pin From Net: NetName=CAN1H Pin=U2-1
Removed Pin From Net: NetName=CAN1L Pin=U2-2
Removed Pin From Net: NetName=PGND Pin=U3-2
Removed Pin From Net: NetName=3v3 Pin=U3-5
Removed Pin From Net: NetName=3v3 Pin=U4-6
Removed Pin From Net: NetName=3v3 Pin=U5-1
Removed Pin From Net: NetName=3v3 Pin=U5-9
Removed Pin From Net: NetName=PA7 Pin=U5-17
Removed Pin From Net: NetName=3v3 Pin=U5-24
Removed Pin From Net: NetName=PA11 Pin=U5-32
Removed Pin From Net: NetName=PA12 Pin=U5-33
Removed Pin From Net: NetName=3v3 Pin=U5-36
Removed Pin From Net: NetName=PB7 Pin=U5-43
Removed Pin From Net: NetName=CAN1_RX Pin=U5-45
Removed Pin From Net: NetName=CAN1_TX Pin=U5-46
Removed Pin From Net: NetName=3v3 Pin=U5-48
Removed Member From Class: ClassName=Sheet1 Member=IC2
Removed Member From Class: ClassName=Sheet1 Member=IC3
Removed Member From Class: ClassName=Sheet1 Member=W1
Removed Member From Class: ClassName=Sheet1 Member=W2
Removed Member From Class: ClassName=Sheet1 Member=XT1
Change Component Footprint: Designator=C9 Old Footprint=CAP_0603 New Footprint=CAP_1210_L
Change Component Footprint: Designator=C17 Old Footprint=CAP_0603 New Footprint=CAP_1210_L
Change Component Footprint: Designator=C18 Old Footprint=CAP_0603 New Footprint=CAP_1210_L
Change Component Footprint: Designator=IC1 Old Footprint=DFN8_3-3 New Footprint=SOP8_N
Change Component Footprint: Designator=D1 Old Footprint=led0603 New Footprint=LL-34
Change Component Footprint: Designator=D2 Old Footprint=led0603 New Footprint=SMB(DO-211AA)
Change Component Footprint: Designator=U5 Old Footprint=LQFP48 New Footprint=MSOP10
Change Component Footprint: Designator=R20 Old Footprint=RES_0603 New Footprint=RES_0603-SHORT
Change Component Footprint: Designator=R21 Old Footprint=RES_0603 New Footprint=RES_0805-SHORT
Change Component Footprint: Designator=R22 Old Footprint=RES_0603 New Footprint=RES_0805-SHORT
Change Component Footprint: Designator=R23 Old Footprint=RES_0603 New Footprint=RES_0805-SHORT
Change Component Footprint: Designator=R24 Old Footprint=RES_0603 New Footprint=RES_0805-SHORT
Change Component Footprint: Designator=R3 Old Footprint=RES_0603-SHORT New Footprint=RES_0603
Change Component Footprint: Designator=R6 Old Footprint=RES_0603-SHORT New Footprint=RES_0603
Change Component Footprint: Designator=R16 Old Footprint=RES_0805 New Footprint=RES_0603
Change Component Footprint: Designator=R18 Old Footprint=RES_0805 New Footprint=RES_0603
Change Component Footprint: Designator=CON2 Old Footprint=SH1.0 WS 2P New Footprint=SH1.0 LS 2P
Change Component Footprint: Designator=CON3 Old Footprint=SH1.0 WS 3P New Footprint=SH1.0 LS 2P
Change Component Footprint: Designator=U4 Old Footprint=SO-8 New Footprint=SOT23-3
Change Component Footprint: Designator=U2 Old Footprint=SOT23-3 New Footprint=SOP-8
Change Component Footprint: Designator=U3 Old Footprint=SOT23-5 New Footprint=SOT23-6
Change Component Footprint: Designator=XS1 Old Footprint=SSP-3P New Footprint=LCD 0.96-13p
Change Component Footprint: Designator=K1 Old Footprint=Switch 1-2 0603 New Footprint=TS-1185EC-X-X-X
Change Component Footprint: Designator=K2 Old Footprint=Switch 1-2 0603 New Footprint=TS-1185EC-X-X-X
Change Component Footprint: Designator=K3 Old Footprint=TS24CA New Footprint=TS-1185EC-X-X-X
Change Component Footprint: Designator=CON1 Old Footprint=ZH1.5-WS-2P New Footprint=PH2.0-LS-2P
Change Component Comment : Designator=R3 Old Comment=0R New Comment=453K/3
Change Component Comment : Designator=R6 Old Comment=0R New Comment=453K/3
Change Component Comment : Designator=C9 Old Comment=2u2 New Comment=1210-10uF
Change Component Comment : Designator=R13 Old Comment=4.7K New Comment=49.9K/3
Change Component Comment : Designator=R17 Old Comment=10k New Comment=22R
Change Component Comment : Designator=R27 Old Comment=10k New Comment=100K/3
Change Component Comment : Designator=C16 Old Comment=22p New Comment=103
Change Component Comment : Designator=C18 Old Comment=22p New Comment=1210-10uF
Change Component Comment : Designator=C15 Old Comment=104 New Comment=103
Change Component Comment : Designator=C8 Old Comment=104 New Comment=106
Change Component Comment : Designator=C27 Old Comment=104 New Comment=106
Change Component Comment : Designator=C17 Old Comment=104 New Comment=1210-10uF
Change Component Comment : Designator=C24 Old Comment=105 New Comment=104
Change Component Comment : Designator=C4 Old Comment=106 New Comment=3.3nF
Change Component Comment : Designator=R5 Old Comment=0603-1K' New Comment=453K/3
Change Component Comment : Designator=R12 Old Comment=0603-1K New Comment=49.9K/3
Change Component Comment : Designator=R11 Old Comment=0603-1K New Comment=100K
Change Component Comment : Designator=R1 Old Comment=0603-3k New Comment=1.5M
Change Component Comment : Designator=R2 Old Comment=0603-3k New Comment=100K
Change Component Comment : Designator=R21 Old Comment=0603-10k New Comment=0R
Change Component Comment : Designator=R22 Old Comment=0603-10k New Comment=0R
Change Component Comment : Designator=R14 Old Comment=0603-10K New Comment=49.9K/3
Change Component Comment : Designator=R26 Old Comment=0603-10k New Comment=100K/3
Change Component Comment : Designator=R9 Old Comment=0603-10K New Comment=100K
Change Component Comment : Designator=R10 Old Comment=0603-10K New Comment=100K
Change Component Comment : Designator=C1 Old Comment=0603-22u New Comment=22uF
Change Component Comment : Designator=R20 Old Comment=0603-100 New Comment=0R
Change Component Comment : Designator=R23 Old Comment=0603-100 New Comment=0R
Change Component Comment : Designator=R24 Old Comment=0603-100 New Comment=0R
Change Component Comment : Designator=R19 Old Comment=0603-100 New Comment=1K
Change Component Comment : Designator=R25 Old Comment=0603-100 New Comment=100K/3
Change Component Comment : Designator=R7 Old Comment=0603-100 New Comment=453K/3
Change Component Comment : Designator=R8 Old Comment=0603-100 New Comment=453K/3
Change Component Comment : Designator=C3 Old Comment=0603-104 New Comment=2.2nF
Change Component Comment : Designator=C12 Old Comment=0603-104 New Comment=103
Change Component Comment : Designator=C13 Old Comment=0603-104 New Comment=104
Change Component Comment : Designator=C23 Old Comment=0603-104 New Comment=104
Change Component Comment : Designator=C5 Old Comment=0603-104 New Comment=106
Change Component Comment : Designator=C7 Old Comment=0603-104 New Comment=106
Change Component Comment : Designator=C20 Old Comment=0603-106 New Comment=22uF
Change Component Comment : Designator=C21 Old Comment=0603-106 New Comment=22uF
Change Component Comment : Designator=C22 Old Comment=0603-106 New Comment=47pF
Change Component Comment : Designator=C10 Old Comment=0603-106 New Comment=56pF
Change Component Comment : Designator=C11 Old Comment=0603-106 New Comment=104
Change Component Comment : Designator=C2 Old Comment=0603-106 New Comment=106
Change Component Comment : Designator=C19 Old Comment=0603-106 New Comment=106
Change Component Comment : Designator=R4 Old Comment=0603-120 New Comment=453k/3
Change Component Comment : Designator=R15 Old Comment=0603-510 New Comment=22R
Change Component Comment : Designator=R16 Old Comment=0805-0.02 New Comment=1K
Change Component Comment : Designator=R18 Old Comment=0805-0.02 New Comment=1K
Change Component Comment : Designator=U1 Old Comment=AMS1117-5V New Comment=AMS1117-3V3
Change Component Comment : Designator=XS1 Old Comment=HDR-1X3 New Comment=0.96lcd-13p-160X80
Change Component Comment : Designator=D2 Old Comment=led New Comment=SMBJ28CA
Change Component Comment : Designator=D1 Old Comment=led New Comment=ZMM12V
Change Component Comment : Designator=U3 Old Comment=ME6211 3V3 New Comment=TPS54302
Change Component Comment : Designator=U2 Old Comment=PESD1CAN New Comment=LM5164
Change Component Comment : Designator=CON3 Old Comment=SH1.0_3 New Comment=SH1.0_2
Change Component Comment : Designator=IC1 Old Comment=SIT1050 New Comment=TJA1050-CAN1
Change Component Comment : Designator=U5 Old Comment=STM32F103C8T6 New Comment=CH340E
Change Component Comment : Designator=K1 Old Comment=Switch 1-2 New Comment=TS1185/EC
Change Component Comment : Designator=K2 Old Comment=Switch 1-2 New Comment=TS1185/EC
Change Component Comment : Designator=U4 Old Comment=TLE5012BE1000 New Comment=PESD1CAN
Change Component Comment : Designator=K3 Old Comment=TS24CA New Comment=TS1185/EC
Change Component Comment : Designator=CON1 Old Comment=ZH1.5_2 New Comment=NTC0
Change component parameters: Designator = "XS1" ("XS1"); Footprint = "SSP-3P"; UniqueID = "\OTGQHUZT" ("\OTGQHUZT")
Change component parameters: Designator = "U2" ("U2"); Footprint = "SOT23-3"; UniqueID = "\CKHTQFBC" ("\CKHTQFBC")
Change component parameters (AddParameter): Name = "ComponentLink1Description"; Value = "供应商链接"; VariantName = "[No Variations]"
Change component parameters (AddParameter): Name = "ComponentLink1URL"; Value = "http://www.szlcsc.com/product/details_10396.html"; VariantName = "[No Variations]"
Change component parameters (AddParameter): Name = "Package"; Value = "SOP-8_EP_150mil"; VariantName = "[No Variations]"
Change component parameters (AddParameter): Name = "Supplier"; Value = "LC"; VariantName = "[No Variations]"
Change component parameters (AddParameter): Name = "SuppliersPartNumber"; Value = "C9864"; VariantName = "[No Variations]"
Added Component: Designator=12V(15EDGVM-2P)
Add component (AddParameter): Name = "BOM名称"; Value = "2P接插件"; VariantName = "[No Variations]"
Add component (AddParameter): Name = "学习资源"; Value = "www.ooocke.com"; VariantName = "[No Variations]"
Add component (AddParameter): Name = "版权归属"; Value = "源创客"; VariantName = "[No Variations]"
Added Component: Designator=B1(BEEP-8530)
Added Component: Designator=C28(CAP_0603)
Added Component: Designator=C29(CAP_0603)
Added Component: Designator=CON4(XH2.54-LS-2P)
Added Component: Designator=CON5(ZH1.5-LS-2P)
Added Component: Designator=CON6(PH2.0-LS-3P)
Added Component: Designator=CON7(PH2.0-LS-2P)
Added Component: Designator=CON8(XH2.54-LS-2P)
Added Component: Designator=CON9(ZH1.5-LS-2P)
Added Component: Designator=CON10(SH1.0 WS 4P)
Added Component: Designator=CON11(XH2.54-LS-2P)
Added Component: Designator=CON12(ZH1.5-LS-2P)
Added Component: Designator=CON13(XH2.54-LS-2P)
Added Component: Designator=CON14(ZH1.5-LS-2P)
Added Component: Designator=D3(LL-34)
Added Component: Designator=D4(LL-34)
Added Component: Designator=D5(SOD-323)
Added Component: Designator=D6(SOD-323)
Added Component: Designator=D7(LED_5050_WS2812B)
Add component (AddParameter): Name = "Type"; Value = "5050"; VariantName = "[No Variations]"
Add component (AddParameter): Name = "Value"; Value = "RGB"; VariantName = "[No Variations]"
Added Component: Designator=D8(SOD-323)
Added Component: Designator=D9(SOD-323)
Added Component: Designator=L1(NR4030)
Added Component: Designator=L2(NR3015)
Added Component: Designator=P1(HDR2X12)
Add component (AddParameter): Name = "LatestRevisionDate"; Value = "17-Jul-2002"; VariantName = "[No Variations]"
Add component (AddParameter): Name = "LatestRevisionNote"; Value = "Re-released for DXP Platform."; VariantName = "[No Variations]"
Add component (AddParameter): Name = "Publisher"; Value = "Altium Limited"; VariantName = "[No Variations]"
Added Component: Designator=P2(HDR2X12)
Add component (AddParameter): Name = "LatestRevisionDate"; Value = "17-Jul-2002"; VariantName = "[No Variations]"
Add component (AddParameter): Name = "LatestRevisionNote"; Value = "Re-released for DXP Platform."; VariantName = "[No Variations]"
Add component (AddParameter): Name = "Publisher"; Value = "Altium Limited"; VariantName = "[No Variations]"
Added Component: Designator=P3(HDR1X3)
Add component (AddParameter): Name = "LatestRevisionDate"; Value = "17-Jul-2002"; VariantName = "[No Variations]"
Add component (AddParameter): Name = "LatestRevisionNote"; Value = "Re-released for DXP Platform."; VariantName = "[No Variations]"
Add component (AddParameter): Name = "Publisher"; Value = "Altium Limited"; VariantName = "[No Variations]"
Added Component: Designator=P4(HDR1X3)
Add component (AddParameter): Name = "LatestRevisionDate"; Value = "17-Jul-2002"; VariantName = "[No Variations]"
Add component (AddParameter): Name = "LatestRevisionNote"; Value = "Re-released for DXP Platform."; VariantName = "[No Variations]"
Add component (AddParameter): Name = "Publisher"; Value = "Altium Limited"; VariantName = "[No Variations]"
Added Component: Designator=P5(HDR1X3)
Add component (AddParameter): Name = "LatestRevisionDate"; Value = "17-Jul-2002"; VariantName = "[No Variations]"
Add component (AddParameter): Name = "LatestRevisionNote"; Value = "Re-released for DXP Platform."; VariantName = "[No Variations]"
Add component (AddParameter): Name = "Publisher"; Value = "Altium Limited"; VariantName = "[No Variations]"
Added Component: Designator=PAD1(PAD-1)
Added Component: Designator=PAD2(PAD-1)
Added Component: Designator=PAD3(PAD-1)
Added Component: Designator=PAD4(PAD-1)
Added Component: Designator=PAD5(PAD-1)
Added Component: Designator=Q1(TO252-2)
Added Component: Designator=Q2(SOT23)
Added Component: Designator=Q3(TO252-2)
Added Component: Designator=Q4(SOT23)
Added Component: Designator=Q5(SOT23)
Added Component: Designator=R28(RES_0603)
Added Component: Designator=R29(RES_0603)
Added Component: Designator=R30(RES_0603)
Added Component: Designator=R31(RES_0603)
Added Component: Designator=R32(RES_0603)
Added Component: Designator=R33(RES_0805-SHORT)
Added Component: Designator=R34(RES_0805-SHORT)
Added Component: Designator=R35(RES_0603)
Added Component: Designator=R36(RES_0603)
Added Component: Designator=R37(RES_0603)
Added Component: Designator=R38(RES_0603)
Added Component: Designator=R39(RES_0603)
Added Component: Designator=R40(RES_0603)
Added Component: Designator=R41(RES_0603)
Added Component: Designator=R42(RES_0805-SHORT)
Added Component: Designator=R43(RES_0603)
Added Component: Designator=R44(RES_0805-SHORT)
Added Component: Designator=R45(RES_0603)
Added Component: Designator=R46(RES_0603)
Added Component: Designator=R47(RES_0603)
Added Component: Designator=R48(RES_0603)
Added Component: Designator=R49(RES_0603)
Added Component: Designator=R50(RES_0603)
Added Component: Designator=S1(XT30UPB-M)
Added Component: Designator=S2(XT30UPB-F)
Added Component: Designator=XS2(TypeC-304-16BCP)
Added Component: Designator=XS3(15EDGVM-2P)
Add component (AddParameter): Name = "BOM名称"; Value = "2P接插件"; VariantName = "[No Variations]"
Add component (AddParameter): Name = "学习资源"; Value = "www.ooocke.com"; VariantName = "[No Variations]"
Add component (AddParameter): Name = "版权归属"; Value = "源创客"; VariantName = "[No Variations]"
Added Component: Designator=XS4(TypeC-304-16BCP)
Added Component: Designator=XS5(STM32F405RGT6 V1_1座子)
Added Pin To Net: NetName=3v3 Pin=12V-2
Added Pin To Net: NetName=DC+ Pin=B1-1
Added Pin To Net: NetName=3v3 Pin=C1-1
Added Pin To Net: NetName=3v3 Pin=C2-1
Added Pin To Net: NetName=3v3 Pin=C5-2
Added Pin To Net: NetName=3v3 Pin=C6-2
Added Pin To Net: NetName=3v3 Pin=C8-2
Added Pin To Net: NetName=PGND Pin=C12-1
Added Pin To Net: NetName=PGND Pin=C13-1
Added Pin To Net: NetName=3v3 Pin=C19-1
Added Pin To Net: NetName=DC+ Pin=C20-1
Added Pin To Net: NetName=3v3 Pin=C20-2
Added Pin To Net: NetName=DC+ Pin=C21-1
Added Pin To Net: NetName=3v3 Pin=C21-2
Added Pin To Net: NetName=3v3 Pin=C23-1
Added Pin To Net: NetName=DC+ Pin=C24-1
Added Pin To Net: NetName=3v3 Pin=C26-1
Added Pin To Net: NetName=3v3 Pin=C27-1
Added Pin To Net: NetName=3v3 Pin=C28-1
Added Pin To Net: NetName=PGND Pin=C29-1
Added Pin To Net: NetName=3v3 Pin=CON1-0
Added Pin To Net: NetName=3v3 Pin=CON1-0
Added Pin To Net: NetName=PGND Pin=CON3-0
Added Pin To Net: NetName=PGND Pin=CON3-0
Added Pin To Net: NetName=CAN1H Pin=CON3-1
Added Pin To Net: NetName=CAN1L Pin=CON3-2
Added Pin To Net: NetName=3v3 Pin=CON4-0
Added Pin To Net: NetName=3v3 Pin=CON4-0
Added Pin To Net: NetName=DC+ Pin=CON4-1
Added Pin To Net: NetName=3v3 Pin=CON4-2
Added Pin To Net: NetName=3v3 Pin=CON5-0
Added Pin To Net: NetName=3v3 Pin=CON5-0
Added Pin To Net: NetName=3v3 Pin=CON5-2
Added Pin To Net: NetName=3v3 Pin=CON6-0
Added Pin To Net: NetName=3v3 Pin=CON6-0
Added Pin To Net: NetName=3v3 Pin=CON7-0
Added Pin To Net: NetName=3v3 Pin=CON7-0
Added Pin To Net: NetName=3v3 Pin=CON8-0
Added Pin To Net: NetName=3v3 Pin=CON8-0
Added Pin To Net: NetName=DC+ Pin=CON8-1
Added Pin To Net: NetName=3v3 Pin=CON8-2
Added Pin To Net: NetName=3v3 Pin=CON9-0
Added Pin To Net: NetName=3v3 Pin=CON9-0
Added Pin To Net: NetName=3v3 Pin=CON9-2
Added Pin To Net: NetName=3v3 Pin=CON10-0
Added Pin To Net: NetName=3v3 Pin=CON10-0
Added Pin To Net: NetName=3v3 Pin=CON11-0
Added Pin To Net: NetName=3v3 Pin=CON11-0
Added Pin To Net: NetName=DC+ Pin=CON11-1
Added Pin To Net: NetName=3v3 Pin=CON11-2
Added Pin To Net: NetName=3v3 Pin=CON12-0
Added Pin To Net: NetName=3v3 Pin=CON12-0
Added Pin To Net: NetName=3v3 Pin=CON12-2
Added Pin To Net: NetName=3v3 Pin=CON13-0
Added Pin To Net: NetName=3v3 Pin=CON13-0
Added Pin To Net: NetName=DC+ Pin=CON13-1
Added Pin To Net: NetName=3v3 Pin=CON13-2
Added Pin To Net: NetName=3v3 Pin=CON14-0
Added Pin To Net: NetName=3v3 Pin=CON14-0
Added Pin To Net: NetName=3v3 Pin=CON14-2
Added Pin To Net: NetName=PGND Pin=D3-1
Added Pin To Net: NetName=NetC13_2 Pin=D3-2
Added Pin To Net: NetName=PB7 Pin=D6-1
Added Pin To Net: NetName=DC+ Pin=D7-1
Added Pin To Net: NetName=3v3 Pin=D7-3
Added Pin To Net: NetName=PA7 Pin=D7-4
Added Pin To Net: NetName=3v3 Pin=IC1-2
Added Pin To Net: NetName=DC+ Pin=IC1-3
Added Pin To Net: NetName=3v3 Pin=IC1-8
Added Pin To Net: NetName=3v3 Pin=K1-2
Added Pin To Net: NetName=3v3 Pin=K1-2
Added Pin To Net: NetName=3v3 Pin=K2-2
Added Pin To Net: NetName=3v3 Pin=K2-2
Added Pin To Net: NetName=3v3 Pin=K3-2
Added Pin To Net: NetName=3v3 Pin=K3-2
Added Pin To Net: NetName=DC+ Pin=L2-1
Added Pin To Net: NetName=3v3 Pin=P1-12
Added Pin To Net: NetName=PGND Pin=P1-14
Added Pin To Net: NetName=PGND Pin=P1-15
Added Pin To Net: NetName=PGND Pin=P1-16
Added Pin To Net: NetName=PGND Pin=P1-17
Added Pin To Net: NetName=PGND Pin=P1-18
Added Pin To Net: NetName=PGND Pin=P1-19
Added Pin To Net: NetName=PGND Pin=P1-20
Added Pin To Net: NetName=PGND Pin=P1-21
Added Pin To Net: NetName=PGND Pin=P1-22
Added Pin To Net: NetName=PGND Pin=P1-23
Added Pin To Net: NetName=PGND Pin=P1-24
Added Pin To Net: NetName=DC+ Pin=P2-5
Added Pin To Net: NetName=DC+ Pin=PAD4-1
Added Pin To Net: NetName=NetC13_2 Pin=Q3-1
Added Pin To Net: NetName=PGND Pin=Q3-3
Added Pin To Net: NetName=3v3 Pin=Q4-2
Added Pin To Net: NetName=3v3 Pin=Q5-2
Added Pin To Net: NetName=NetC10_2 Pin=R3-1
Added Pin To Net: NetName=NetR3_2 Pin=R4-1
Added Pin To Net: NetName=3v3 Pin=R9-2
Added Pin To Net: NetName=NetC13_2 Pin=R10-1
Added Pin To Net: NetName=NetC10_2 Pin=R12-2
Added Pin To Net: NetName=3v3 Pin=R14-1
Added Pin To Net: NetName=NetC12_2 Pin=R15-1
Added Pin To Net: NetName=PGND Pin=R19-1
Added Pin To Net: NetName=PGND Pin=R21-1
Added Pin To Net: NetName=3v3 Pin=R22-1
Added Pin To Net: NetName=PGND Pin=R23-1
Added Pin To Net: NetName=3v3 Pin=R23-2
Added Pin To Net: NetName=3v3 Pin=R24-1
Added Pin To Net: NetName=DC+ Pin=R25-2
Added Pin To Net: NetName=3v3 Pin=R30-1
Added Pin To Net: NetName=3v3 Pin=R31-2
Added Pin To Net: NetName=3v3 Pin=R32-2
Added Pin To Net: NetName=CAN1H Pin=R33-1
Added Pin To Net: NetName=CAN1L Pin=R35-1
Added Pin To Net: NetName=PA12 Pin=R36-1
Added Pin To Net: NetName=PA11 Pin=R37-1
Added Pin To Net: NetName=DC+ Pin=R42-1
Added Pin To Net: NetName=3v3 Pin=R43-2
Added Pin To Net: NetName=PGND Pin=R49-1
Added Pin To Net: NetName=3v3 Pin=R50-1
Added Pin To Net: NetName=3v3 Pin=U1-1
Added Pin To Net: NetName=3v3 Pin=U2-1
Added Pin To Net: NetName=NetC10_2 Pin=U2-5
Added Pin To Net: NetName=3v3 Pin=U2-9
Added Pin To Net: NetName=3v3 Pin=U3-1
Added Pin To Net: NetName=CAN1H Pin=U4-1
Added Pin To Net: NetName=CAN1L Pin=U4-2
Added Pin To Net: NetName=3v3 Pin=U4-3
Added Pin To Net: NetName=3v3 Pin=U5-3
Added Pin To Net: NetName=3v3 Pin=XS1-8
Added Pin To Net: NetName=3v3 Pin=XS1-13
Added Pin To Net: NetName=3v3 Pin=XS2-13
Added Pin To Net: NetName=3v3 Pin=XS2-14
Added Pin To Net: NetName=3v3 Pin=XS2-15
Added Pin To Net: NetName=3v3 Pin=XS2-16
Added Pin To Net: NetName=3v3 Pin=XS2-A1B12
Added Pin To Net: NetName=3v3 Pin=XS2-B1A12
Added Pin To Net: NetName=CAN1H Pin=XS3-1
Added Pin To Net: NetName=CAN1L Pin=XS3-2
Added Pin To Net: NetName=PGND Pin=XS4-13
Added Pin To Net: NetName=PGND Pin=XS4-14
Added Pin To Net: NetName=PGND Pin=XS4-15
Added Pin To Net: NetName=PGND Pin=XS4-16
Added Pin To Net: NetName=PGND Pin=XS4-A1B12
Added Pin To Net: NetName=PGND Pin=XS4-B1A12
Added Pin To Net: NetName=3v3 Pin=XS5-1
Added Pin To Net: NetName=PB7 Pin=XS5-11
Added Pin To Net: NetName=CAN1_RX Pin=XS5-12
Added Pin To Net: NetName=CAN1_TX Pin=XS5-13
Added Pin To Net: NetName=PA7 Pin=XS5-28
Added Pin To Net: NetName=PA11 Pin=XS5-47
Added Pin To Net: NetName=PA12 Pin=XS5-48
Added Pin To Net: NetName=DC+ Pin=XS5-50
Change Net Name : Old Net Name=3v3 New Net Name=GND
Change Net Name : Old Net Name=DC+ New Net Name=5V
Added Pin To Net: NetName=+12 Pin=12V-1
Added Pin To Net: NetName=+12 Pin=U3-3
Added Net: Name=+12
Added Pin To Net: NetName=3V3 Pin=C1-2
Added Pin To Net: NetName=3V3 Pin=C23-2
Added Pin To Net: NetName=3V3 Pin=CON1-1
Added Pin To Net: NetName=3V3 Pin=CON5-1
Added Pin To Net: NetName=3V3 Pin=CON9-1
Added Pin To Net: NetName=3V3 Pin=CON12-1
Added Pin To Net: NetName=3V3 Pin=CON14-1
Added Pin To Net: NetName=3V3 Pin=D9-2
Added Pin To Net: NetName=3V3 Pin=P2-3
Added Pin To Net: NetName=3V3 Pin=R38-1
Added Pin To Net: NetName=3V3 Pin=R46-1
Added Pin To Net: NetName=3V3 Pin=R47-1
Added Pin To Net: NetName=3V3 Pin=R48-1
Added Pin To Net: NetName=3V3 Pin=U1-2
Added Pin To Net: NetName=3V3 Pin=XS1-10
Added Pin To Net: NetName=3V3 Pin=XS1-12
Added Net: Name=3V3
Added Pin To Net: NetName=12V Pin=C4-1
Added Pin To Net: NetName=12V Pin=C5-1
Added Pin To Net: NetName=12V Pin=C6-1
Added Pin To Net: NetName=12V Pin=C7-1
Added Pin To Net: NetName=12V Pin=C8-1
Added Pin To Net: NetName=12V Pin=C19-2
Added Pin To Net: NetName=12V Pin=L1-2
Added Pin To Net: NetName=12V Pin=P2-4
Added Pin To Net: NetName=12V Pin=PAD1-1
Added Pin To Net: NetName=12V Pin=R5-2
Added Pin To Net: NetName=12V Pin=R20-2
Added Net: Name=12V
Added Pin To Net: NetName=A3V3 Pin=P2-2
Added Pin To Net: NetName=A3V3 Pin=XS5-49
Added Net: Name=A3V3
Added Pin To Net: NetName=ADC_DCBUS Pin=C29-2
Added Pin To Net: NetName=ADC_DCBUS Pin=D9-1
Added Pin To Net: NetName=ADC_DCBUS Pin=PAD5-1
Added Pin To Net: NetName=ADC_DCBUS Pin=R45-1
Added Pin To Net: NetName=ADC_DCBUS Pin=R49-2
Added Pin To Net: NetName=ADC_DCBUS Pin=XS5-29
Added Net: Name=ADC_DCBUS
Added Pin To Net: NetName=AGND Pin=P1-13
Added Pin To Net: NetName=AGND Pin=R22-2
Added Pin To Net: NetName=AGND Pin=R24-2
Added Net: Name=AGND
Added Pin To Net: NetName=AS_IC_SCL Pin=CON7-1
Added Pin To Net: NetName=AS_IC_SCL Pin=XS5-34
Added Net: Name=AS_IC_SCL
Added Pin To Net: NetName=AS_IC_SDA Pin=CON7-2
Added Pin To Net: NetName=AS_IC_SDA Pin=XS5-35
Added Net: Name=AS_IC_SDA
Added Pin To Net: NetName=Beep Pin=Q5-1
Added Pin To Net: NetName=Beep Pin=R50-2
Added Pin To Net: NetName=Beep Pin=XS5-21
Added Net: Name=Beep
Added Pin To Net: NetName=BUTTON_L Pin=K1-1
Added Pin To Net: NetName=BUTTON_L Pin=K1-1
Added Pin To Net: NetName=BUTTON_L Pin=XS5-14
Added Net: Name=BUTTON_L
Added Pin To Net: NetName=BUTTON_M Pin=K2-1
Added Pin To Net: NetName=BUTTON_M Pin=K2-1
Added Pin To Net: NetName=BUTTON_M Pin=XS5-15
Added Net: Name=BUTTON_M
Added Pin To Net: NetName=BUTTON_R Pin=K3-1
Added Pin To Net: NetName=BUTTON_R Pin=K3-1
Added Pin To Net: NetName=BUTTON_R Pin=XS5-16
Added Net: Name=BUTTON_R
Added Pin To Net: NetName=CH340_D+ Pin=U5-1
Added Pin To Net: NetName=CH340_D+ Pin=XS4-A6
Added Pin To Net: NetName=CH340_D+ Pin=XS4-B6
Added Net: Name=CH340_D+
Added Pin To Net: NetName=CH340_D- Pin=U5-2
Added Pin To Net: NetName=CH340_D- Pin=XS4-A7
Added Pin To Net: NetName=CH340_D- Pin=XS4-B7
Added Net: Name=CH340_D-
Added Pin To Net: NetName=DAC Pin=P2-15
Added Pin To Net: NetName=DAC Pin=XS5-43
Added Net: Name=DAC
Added Pin To Net: NetName=DCBUS_IN Pin=C11-2
Added Pin To Net: NetName=DCBUS_IN Pin=C17-2
Added Pin To Net: NetName=DCBUS_IN Pin=C18-2
Added Pin To Net: NetName=DCBUS_IN Pin=D1-2
Added Pin To Net: NetName=DCBUS_IN Pin=D2-2
Added Pin To Net: NetName=DCBUS_IN Pin=PAD2-1
Added Pin To Net: NetName=DCBUS_IN Pin=Q1-3
Added Pin To Net: NetName=DCBUS_IN Pin=Q2-1
Added Pin To Net: NetName=DCBUS_IN Pin=R10-2
Added Pin To Net: NetName=DCBUS_IN Pin=R11-2
Added Pin To Net: NetName=DCBUS_IN Pin=R17-2
Added Pin To Net: NetName=DCBUS_IN Pin=S1-1
Added Pin To Net: NetName=DCBUS_IN Pin=S2-1
Added Net: Name=DCBUS_IN
Added Pin To Net: NetName=DCBUS Pin=C9-2
Added Pin To Net: NetName=DCBUS Pin=P1-1
Added Pin To Net: NetName=DCBUS Pin=P1-2
Added Pin To Net: NetName=DCBUS Pin=P1-3
Added Pin To Net: NetName=DCBUS Pin=P1-4
Added Pin To Net: NetName=DCBUS Pin=P1-5
Added Pin To Net: NetName=DCBUS Pin=P1-6
Added Pin To Net: NetName=DCBUS Pin=P1-7
Added Pin To Net: NetName=DCBUS Pin=P1-8
Added Pin To Net: NetName=DCBUS Pin=P1-9
Added Pin To Net: NetName=DCBUS Pin=P1-10
Added Pin To Net: NetName=DCBUS Pin=P1-11
Added Pin To Net: NetName=DCBUS Pin=PAD3-1
Added Pin To Net: NetName=DCBUS Pin=Q1-2
Added Pin To Net: NetName=DCBUS Pin=R1-1
Added Pin To Net: NetName=DCBUS Pin=R2-2
Added Pin To Net: NetName=DCBUS Pin=R15-2
Added Pin To Net: NetName=DCBUS Pin=R45-2
Added Pin To Net: NetName=DCBUS Pin=U2-2
Added Net: Name=DCBUS
Added Pin To Net: NetName=ENCODER_A Pin=P5-3
Added Net: Name=ENCODER_A
Added Pin To Net: NetName=ENCODER_B Pin=P3-3
Added Net: Name=ENCODER_B
Added Pin To Net: NetName=ENCODER_CS_A Pin=CON6-1
Added Pin To Net: NetName=ENCODER_CS_A Pin=P5-2
Added Pin To Net: NetName=ENCODER_CS_A Pin=R48-2
Added Pin To Net: NetName=ENCODER_CS_A Pin=XS5-40
Added Net: Name=ENCODER_CS_A
Added Pin To Net: NetName=ENCODER_CS_B Pin=CON6-2
Added Pin To Net: NetName=ENCODER_CS_B Pin=P3-2
Added Pin To Net: NetName=ENCODER_CS_B Pin=R46-2
Added Pin To Net: NetName=ENCODER_CS_B Pin=XS5-41
Added Net: Name=ENCODER_CS_B
Added Pin To Net: NetName=ENCODER_CS_Z Pin=CON6-3
Added Pin To Net: NetName=ENCODER_CS_Z Pin=P4-2
Added Pin To Net: NetName=ENCODER_CS_Z Pin=R47-2
Added Pin To Net: NetName=ENCODER_CS_Z Pin=XS5-42
Added Net: Name=ENCODER_CS_Z
Added Pin To Net: NetName=ENCODER_Z Pin=P4-3
Added Net: Name=ENCODER_Z
Added Pin To Net: NetName=HALL_A Pin=P5-1
Added Net: Name=HALL_A
Added Pin To Net: NetName=HALL_B Pin=P3-1
Added Net: Name=HALL_B
Added Pin To Net: NetName=HALL_C Pin=P4-1
Added Net: Name=HALL_C
Added Pin To Net: NetName=HIN1 Pin=P2-21
Added Pin To Net: NetName=HIN1 Pin=XS5-44
Added Net: Name=HIN1
Added Pin To Net: NetName=HIN2 Pin=P2-20
Added Pin To Net: NetName=HIN2 Pin=XS5-45
Added Net: Name=HIN2
Added Pin To Net: NetName=HIN3 Pin=P2-19
Added Pin To Net: NetName=HIN3 Pin=XS5-46
Added Net: Name=HIN3
Added Pin To Net: NetName=IA Pin=P2-14
Added Pin To Net: NetName=IA Pin=XS5-18
Added Net: Name=IA
Added Pin To Net: NetName=IB Pin=P2-13
Added Pin To Net: NetName=IB Pin=XS5-19
Added Net: Name=IB
Added Pin To Net: NetName=IBUS Pin=P2-11
Added Pin To Net: NetName=IBUS Pin=XS5-17
Added Net: Name=IBUS
Added Pin To Net: NetName=IC Pin=P2-12
Added Pin To Net: NetName=IC Pin=XS5-20
Added Net: Name=IC
Added Pin To Net: NetName=LCD_BLK Pin=R40-2
Added Pin To Net: NetName=LCD_BLK Pin=XS5-2
Added Net: Name=LCD_BLK
Added Pin To Net: NetName=LCD_CS Pin=XS1-7
Added Pin To Net: NetName=LCD_CS Pin=XS5-4
Added Net: Name=LCD_CS
Added Pin To Net: NetName=LCD_DC Pin=XS1-5
Added Pin To Net: NetName=LCD_DC Pin=XS5-36
Added Net: Name=LCD_DC
Added Pin To Net: NetName=LCD_RES Pin=XS1-6
Added Pin To Net: NetName=LCD_RES Pin=XS5-33
Added Net: Name=LCD_RES
Added Pin To Net: NetName=LCD_SCL Pin=XS1-4
Added Pin To Net: NetName=LCD_SCL Pin=XS5-3
Added Net: Name=LCD_SCL
Added Pin To Net: NetName=LCD_SDA Pin=XS1-3
Added Pin To Net: NetName=LCD_SDA Pin=XS5-5
Added Net: Name=LCD_SDA
Added Pin To Net: NetName=LIN1 Pin=P2-24
Added Pin To Net: NetName=LIN1 Pin=XS5-37
Added Net: Name=LIN1
Added Pin To Net: NetName=LIN2 Pin=P2-23
Added Pin To Net: NetName=LIN2 Pin=XS5-38
Added Net: Name=LIN2
Added Pin To Net: NetName=LIN3 Pin=P2-22
Added Pin To Net: NetName=LIN3 Pin=XS5-39
Added Net: Name=LIN3
Added Pin To Net: NetName=MA_ADC Pin=P2-18
Added Pin To Net: NetName=MA_ADC Pin=XS5-30
Added Net: Name=MA_ADC
Added Pin To Net: NetName=MB_ADC Pin=P2-17
Added Pin To Net: NetName=MB_ADC Pin=XS5-31
Added Net: Name=MB_ADC
Added Pin To Net: NetName=MC_ADC Pin=P2-16
Added Pin To Net: NetName=MC_ADC Pin=XS5-32
Added Net: Name=MC_ADC
Added Pin To Net: NetName=NetB1_2 Pin=B1-2
Added Pin To Net: NetName=NetB1_2 Pin=Q5-3
Added Net: Name=NetB1_2
Added Pin To Net: NetName=NetC3_1 Pin=C3-1
Added Pin To Net: NetName=NetC3_1 Pin=L1-1
Added Pin To Net: NetName=NetC3_1 Pin=R6-2
Added Pin To Net: NetName=NetC3_1 Pin=U2-8
Added Net: Name=NetC3_1
Added Pin To Net: NetName=NetC3_2 Pin=C3-2
Added Pin To Net: NetName=NetC3_2 Pin=U2-7
Added Net: Name=NetC3_2
Added Pin To Net: NetName=NetC4_2 Pin=C4-2
Added Pin To Net: NetName=NetC4_2 Pin=C10-1
Added Pin To Net: NetName=NetC4_2 Pin=R8-1
Added Net: Name=NetC4_2
Added Pin To Net: NetName=NetC11_1 Pin=C11-1
Added Pin To Net: NetName=NetC11_1 Pin=D1-1
Added Pin To Net: NetName=NetC11_1 Pin=Q1-1
Added Pin To Net: NetName=NetC11_1 Pin=R18-2
Added Net: Name=NetC11_1
Added Pin To Net: NetName=NetC14_1 Pin=C14-1
Added Pin To Net: NetName=NetC14_1 Pin=Q2-3
Added Pin To Net: NetName=NetC14_1 Pin=R18-1
Added Pin To Net: NetName=NetC14_1 Pin=R19-2
Added Net: Name=NetC14_1
Added Pin To Net: NetName=NetC14_2 Pin=C14-2
Added Pin To Net: NetName=NetC14_2 Pin=Q2-2
Added Pin To Net: NetName=NetC14_2 Pin=R1-2
Added Pin To Net: NetName=NetC14_2 Pin=R16-1
Added Net: Name=NetC14_2
Added Pin To Net: NetName=NetC15_1 Pin=C15-1
Added Pin To Net: NetName=NetC15_1 Pin=U3-6
Added Net: Name=NetC15_1
Added Pin To Net: NetName=NetC15_2 Pin=C15-2
Added Pin To Net: NetName=NetC15_2 Pin=L2-2
Added Pin To Net: NetName=NetC15_2 Pin=U3-2
Added Net: Name=NetC15_2
Added Pin To Net: NetName=NetC16_2 Pin=C16-2
Added Pin To Net: NetName=NetC16_2 Pin=R17-1
Added Net: Name=NetC16_2
Added Pin To Net: NetName=NetC22_1 Pin=C22-1
Added Pin To Net: NetName=NetC22_1 Pin=R27-1
Added Pin To Net: NetName=NetC22_1 Pin=R28-2
Added Pin To Net: NetName=NetC22_1 Pin=U3-4
Added Net: Name=NetC22_1
Added Pin To Net: NetName=NetC25_1 Pin=C25-1
Added Pin To Net: NetName=NetC25_1 Pin=U5-10
Added Net: Name=NetC25_1
Added Pin To Net: NetName=NetD4_2 Pin=D4-2
Added Pin To Net: NetName=NetD4_2 Pin=R11-1
Added Pin To Net: NetName=NetD4_2 Pin=R16-2
Added Net: Name=NetD4_2
Added Pin To Net: NetName=NetD5_1 Pin=D5-1
Added Pin To Net: NetName=NetD5_1 Pin=R34-2
Added Net: Name=NetD5_1
Added Pin To Net: NetName=NetD6_2 Pin=D6-2
Added Pin To Net: NetName=NetD6_2 Pin=U5-8
Added Net: Name=NetD6_2
Added Pin To Net: NetName=NetD8_1 Pin=D8-1
Added Pin To Net: NetName=NetD8_1 Pin=R44-2
Added Net: Name=NetD8_1
Added Pin To Net: NetName=NetQ4_1 Pin=Q4-1
Added Pin To Net: NetName=NetQ4_1 Pin=R38-2
Added Pin To Net: NetName=NetQ4_1 Pin=R40-1
Added Net: Name=NetQ4_1
Added Pin To Net: NetName=NetQ4_3 Pin=Q4-3
Added Pin To Net: NetName=NetQ4_3 Pin=R39-2
Added Net: Name=NetQ4_3
Added Pin To Net: NetName=NetR2_1 Pin=R2-1
Added Pin To Net: NetName=NetR2_1 Pin=U2-3
Added Net: Name=NetR2_1
Added Pin To Net: NetName=NetR4_2 Pin=R4-2
Added Pin To Net: NetName=NetR4_2 Pin=R5-1
Added Net: Name=NetR4_2
Added Pin To Net: NetName=NetR6_1 Pin=R6-1
Added Pin To Net: NetName=NetR6_1 Pin=R7-2
Added Net: Name=NetR6_1
Added Pin To Net: NetName=NetR7_1 Pin=R7-1
Added Pin To Net: NetName=NetR7_1 Pin=R8-2
Added Net: Name=NetR7_1
Added Pin To Net: NetName=NetR9_1 Pin=R9-1
Added Pin To Net: NetName=NetR9_1 Pin=U2-4
Added Net: Name=NetR9_1
Added Pin To Net: NetName=NetR12_1 Pin=R12-1
Added Pin To Net: NetName=NetR12_1 Pin=R13-2
Added Net: Name=NetR12_1
Added Pin To Net: NetName=NetR13_1 Pin=R13-1
Added Pin To Net: NetName=NetR13_1 Pin=R14-2
Added Net: Name=NetR13_1
Added Pin To Net: NetName=NetR20_1 Pin=R20-1
Added Pin To Net: NetName=NetR20_1 Pin=U3-5
Added Net: Name=NetR20_1
Added Pin To Net: NetName=NetR25_1 Pin=R25-1
Added Pin To Net: NetName=NetR25_1 Pin=R26-2
Added Net: Name=NetR25_1
Added Pin To Net: NetName=NetR26_1 Pin=R26-1
Added Pin To Net: NetName=NetR26_1 Pin=R27-2
Added Net: Name=NetR26_1
Added Pin To Net: NetName=NetR28_1 Pin=R28-1
Added Pin To Net: NetName=NetR28_1 Pin=R29-2
Added Net: Name=NetR28_1
Added Pin To Net: NetName=NetR29_1 Pin=R29-1
Added Pin To Net: NetName=NetR29_1 Pin=R30-2
Added Net: Name=NetR29_1
Added Pin To Net: NetName=NetR31_1 Pin=R31-1
Added Pin To Net: NetName=NetR31_1 Pin=XS2-B5
Added Net: Name=NetR31_1
Added Pin To Net: NetName=NetR32_1 Pin=R32-1
Added Pin To Net: NetName=NetR32_1 Pin=XS2-A5
Added Net: Name=NetR32_1
Added Pin To Net: NetName=NetR33_2 Pin=R33-2
Added Pin To Net: NetName=NetR33_2 Pin=R35-2
Added Net: Name=NetR33_2
Added Pin To Net: NetName=NetR34_1 Pin=R34-1
Added Pin To Net: NetName=NetR34_1 Pin=XS2-A4B9
Added Pin To Net: NetName=NetR34_1 Pin=XS2-B4A9
Added Net: Name=NetR34_1
Added Pin To Net: NetName=NetR36_2 Pin=R36-2
Added Pin To Net: NetName=NetR36_2 Pin=XS2-A6
Added Pin To Net: NetName=NetR36_2 Pin=XS2-B6
Added Net: Name=NetR36_2
Added Pin To Net: NetName=NetR37_2 Pin=R37-2
Added Pin To Net: NetName=NetR37_2 Pin=XS2-A7
Added Pin To Net: NetName=NetR37_2 Pin=XS2-B7
Added Net: Name=NetR37_2
Added Pin To Net: NetName=NetR39_1 Pin=R39-1
Added Pin To Net: NetName=NetR39_1 Pin=XS1-11
Added Net: Name=NetR39_1
Added Pin To Net: NetName=NetR41_1 Pin=R41-1
Added Pin To Net: NetName=NetR41_1 Pin=U5-9
Added Net: Name=NetR41_1
Added Pin To Net: NetName=NetR44_1 Pin=R44-1
Added Pin To Net: NetName=NetR44_1 Pin=XS4-A4B9
Added Pin To Net: NetName=NetR44_1 Pin=XS4-B4A9
Added Net: Name=NetR44_1
Added Pin To Net: NetName=NTC0 Pin=C28-2
Added Pin To Net: NetName=NTC0 Pin=CON1-2
Added Pin To Net: NetName=NTC0 Pin=R43-1
Added Pin To Net: NetName=NTC0 Pin=XS5-22
Added Net: Name=NTC0
Added Pin To Net: NetName=NTC1 Pin=P2-7
Added Pin To Net: NetName=NTC1 Pin=XS5-23
Added Net: Name=NTC1
Added Pin To Net: NetName=NTC2 Pin=P2-6
Added Pin To Net: NetName=NTC2 Pin=XS5-24
Added Net: Name=NTC2
Added Pin To Net: NetName=PA4 Pin=P2-10
Added Pin To Net: NetName=PA4 Pin=XS5-25
Added Net: Name=PA4
Added Pin To Net: NetName=PA5 Pin=P2-9
Added Pin To Net: NetName=PA5 Pin=XS5-26
Added Net: Name=PA5
Added Pin To Net: NetName=PA6 Pin=P2-8
Added Pin To Net: NetName=PA6 Pin=XS5-27
Added Net: Name=PA6
Added Pin To Net: NetName=PB3 Pin=CON10-2
Added Pin To Net: NetName=PB3 Pin=XS5-7
Added Net: Name=PB3
Added Pin To Net: NetName=PB4 Pin=CON10-3
Added Pin To Net: NetName=PB4 Pin=XS5-8
Added Net: Name=PB4
Added Pin To Net: NetName=PB5 Pin=CON10-4
Added Pin To Net: NetName=PB5 Pin=XS5-9
Added Net: Name=PB5
Added Pin To Net: NetName=PB6 Pin=R41-2
Added Pin To Net: NetName=PB6 Pin=XS5-10
Added Net: Name=PB6
Added Pin To Net: NetName=PD2 Pin=CON10-1
Added Pin To Net: NetName=PD2 Pin=XS5-6
Added Net: Name=PD2
Added Pin To Net: NetName=PGND_IN Pin=C16-1
Added Pin To Net: NetName=PGND_IN Pin=C17-1
Added Pin To Net: NetName=PGND_IN Pin=C18-1
Added Pin To Net: NetName=PGND_IN Pin=D2-1
Added Pin To Net: NetName=PGND_IN Pin=D4-1
Added Pin To Net: NetName=PGND_IN Pin=Q3-2
Added Pin To Net: NetName=PGND_IN Pin=S1-2
Added Pin To Net: NetName=PGND_IN Pin=S2-2
Added Net: Name=PGND_IN
Added Pin To Net: NetName=USB_5V Pin=C26-2
Added Pin To Net: NetName=USB_5V Pin=C27-2
Added Pin To Net: NetName=USB_5V Pin=D5-2
Added Pin To Net: NetName=USB_5V Pin=D8-2
Added Pin To Net: NetName=USB_5V Pin=R42-2
Added Pin To Net: NetName=USB_5V Pin=U5-7
Added Net: Name=USB_5V
Added Member To Class: ClassName=Sheet1 Member=Component 12V HDR-1X2
Added Member To Class: ClassName=Sheet1 Member=Component B1 MLT_8530
Added Member To Class: ClassName=Sheet1 Member=Component C28 102
Added Member To Class: ClassName=Sheet1 Member=Component C29 102
Added Member To Class: ClassName=Sheet1 Member=Component CON4 5V
Added Member To Class: ClassName=Sheet1 Member=Component CON5 3V3
Added Member To Class: ClassName=Sheet1 Member=Component CON6 ENCODER
Added Member To Class: ClassName=Sheet1 Member=Component CON7 IIC
Added Member To Class: ClassName=Sheet1 Member=Component CON8 5V
Added Member To Class: ClassName=Sheet1 Member=Component CON9 3V3
Added Member To Class: ClassName=Sheet1 Member=Component CON10 SPI
Added Member To Class: ClassName=Sheet1 Member=Component CON11 5V
Added Member To Class: ClassName=Sheet1 Member=Component CON12 3V3
Added Member To Class: ClassName=Sheet1 Member=Component CON13 5V
Added Member To Class: ClassName=Sheet1 Member=Component CON14 3V3
Added Member To Class: ClassName=Sheet1 Member=Component D3 ZMM12V
Added Member To Class: ClassName=Sheet1 Member=Component D4 ZMM33V
Added Member To Class: ClassName=Sheet1 Member=Component D5 ss14
Added Member To Class: ClassName=Sheet1 Member=Component D6 ss14
Added Member To Class: ClassName=Sheet1 Member=Component D7 RGB
Added Member To Class: ClassName=Sheet1 Member=Component D8 ss14
Added Member To Class: ClassName=Sheet1 Member=Component D9 ss14
Added Member To Class: ClassName=Sheet1 Member=Component L1 68uH
Added Member To Class: ClassName=Sheet1 Member=Component L2 10uH
Added Member To Class: ClassName=Sheet1 Member=Component P1 Header 12X2
Added Member To Class: ClassName=Sheet1 Member=Component P2 Header 12X2
Added Member To Class: ClassName=Sheet1 Member=Component P3 Header 3
Added Member To Class: ClassName=Sheet1 Member=Component P4 Header 3
Added Member To Class: ClassName=Sheet1 Member=Component P5 Header 3
Added Member To Class: ClassName=Sheet1 Member=Component PAD1 12V
Added Member To Class: ClassName=Sheet1 Member=Component PAD2 DCBUS_IN
Added Member To Class: ClassName=Sheet1 Member=Component PAD3 DCBUS
Added Member To Class: ClassName=Sheet1 Member=Component PAD4 5V
Added Member To Class: ClassName=Sheet1 Member=Component PAD5 ADC-DCBUS
Added Member To Class: ClassName=Sheet1 Member=Component Q1 NCE60P50K
Added Member To Class: ClassName=Sheet1 Member=Component Q2 FMMT593
Added Member To Class: ClassName=Sheet1 Member=Component Q3 NCE6080K
Added Member To Class: ClassName=Sheet1 Member=Component Q4 SS8050
Added Member To Class: ClassName=Sheet1 Member=Component Q5 SS8050
Added Member To Class: ClassName=Sheet1 Member=Component R28 13.7K/3
Added Member To Class: ClassName=Sheet1 Member=Component R29 13.7K/3
Added Member To Class: ClassName=Sheet1 Member=Component R30 13.7K/3
Added Member To Class: ClassName=Sheet1 Member=Component R31 5K1
Added Member To Class: ClassName=Sheet1 Member=Component R32 5K1
Added Member To Class: ClassName=Sheet1 Member=Component R33 0R
Added Member To Class: ClassName=Sheet1 Member=Component R34 0R
Added Member To Class: ClassName=Sheet1 Member=Component R35 120R
Added Member To Class: ClassName=Sheet1 Member=Component R36 22R
Added Member To Class: ClassName=Sheet1 Member=Component R37 22R
Added Member To Class: ClassName=Sheet1 Member=Component R38 10K
Added Member To Class: ClassName=Sheet1 Member=Component R39 10
Added Member To Class: ClassName=Sheet1 Member=Component R40 1K
Added Member To Class: ClassName=Sheet1 Member=Component R41 330R
Added Member To Class: ClassName=Sheet1 Member=Component R42 0R
Added Member To Class: ClassName=Sheet1 Member=Component R43 10K
Added Member To Class: ClassName=Sheet1 Member=Component R44 0R
Added Member To Class: ClassName=Sheet1 Member=Component R45 30K
Added Member To Class: ClassName=Sheet1 Member=Component R46 10K
Added Member To Class: ClassName=Sheet1 Member=Component R47 10K
Added Member To Class: ClassName=Sheet1 Member=Component R48 10K
Added Member To Class: ClassName=Sheet1 Member=Component R49 2K
Added Member To Class: ClassName=Sheet1 Member=Component R50 10K
Added Member To Class: ClassName=Sheet1 Member=Component S1 XT30UPB
Added Member To Class: ClassName=Sheet1 Member=Component S2 XT30UPB
Added Member To Class: ClassName=Sheet1 Member=Component XS2 USB-Type-C
Added Member To Class: ClassName=Sheet1 Member=Component XS3 HDR-1X2
Added Member To Class: ClassName=Sheet1 Member=Component XS4 CH340-Type-C
Added Member To Class: ClassName=Sheet1 Member=Component XS5 STM32F405RGT6 V1_1 座子
Added Room: Name=Sheet1
