Removed Pin From Net: NetName=A3V3 Pin=P2-2
Removed Pin From Net: NetName=3V3 Pin=P2-3
Removed Pin From Net: NetName=12V Pin=P2-4
Removed Pin From Net: NetName=5V Pin=P2-5
Removed Pin From Net: NetName=NTC2 Pin=P2-6
Removed Pin From Net: NetName=NTC1 Pin=P2-7
Removed Pin From Net: NetName=PA6 Pin=P2-8
Removed Pin From Net: NetName=PA5 Pin=P2-9
Removed Pin From Net: NetName=PA4 Pin=P2-10
Removed Pin From Net: NetName=IBUS Pin=P2-11
Removed Pin From Net: NetName=IC Pin=P2-12
Removed Pin From Net: NetName=IB Pin=P2-13
Removed Pin From Net: NetName=IA Pin=P2-14
Removed Pin From Net: NetName=DAC Pin=P2-15
Removed Pin From Net: NetName=MC_ADC Pin=P2-16
Removed Pin From Net: NetName=MB_ADC Pin=P2-17
Removed Pin From Net: NetName=MA_ADC Pin=P2-18
Removed Pin From Net: NetName=HIN3 Pin=P2-19
Removed Pin From Net: NetName=HIN2 Pin=P2-20
Removed Pin From Net: NetName=HIN1 Pin=P2-21
Removed Pin From Net: NetName=LIN3 Pin=P2-22
Removed Pin From Net: NetName=LIN2 Pin=P2-23
Removed Pin From Net: NetName=LIN1 Pin=P2-24
Change Component Description : Designator=D2 Old Description=瞬态电压抑制二极管(TVS) 钳位二极管 New Description= 瞬态电压抑制二极管(TVS) 钳位二极管
Added Pin To Net: NetName=LIN2 Pin=P2-1
Added Pin To Net: NetName=LIN1 Pin=P2-2
Added Pin To Net: NetName=HIN1 Pin=P2-3
Added Pin To Net: NetName=LIN3 Pin=P2-4
Added Pin To Net: NetName=HIN3 Pin=P2-5
Added Pin To Net: NetName=HIN2 Pin=P2-6
Added Pin To Net: NetName=MB_ADC Pin=P2-7
Added Pin To Net: NetName=MA_ADC Pin=P2-8
Added Pin To Net: NetName=DAC Pin=P2-9
Added Pin To Net: NetName=MC_ADC Pin=P2-10
Added Pin To Net: NetName=IB Pin=P2-11
Added Pin To Net: NetName=IA Pin=P2-12
Added Pin To Net: NetName=IBUS Pin=P2-13
Added Pin To Net: NetName=IC Pin=P2-14
Added Pin To Net: NetName=PA5 Pin=P2-15
Added Pin To Net: NetName=PA4 Pin=P2-16
Added Pin To Net: NetName=NTC1 Pin=P2-17
Added Pin To Net: NetName=PA6 Pin=P2-18
Added Pin To Net: NetName=5V Pin=P2-19
Added Pin To Net: NetName=NTC2 Pin=P2-20
Added Pin To Net: NetName=3V3 Pin=P2-21
Added Pin To Net: NetName=12V Pin=P2-22
Added Pin To Net: NetName=A3V3 Pin=P2-24
Added Room: Name=Sheet1
