Removed Pin From Net: NetName=GND Pin=CON8-0
Removed Pin From Net: NetName=GND Pin=CON8-0
Removed Pin From Net: NetName=5V Pin=CON8-1
Removed Pin From Net: NetName=GND Pin=CON8-2
Removed Pin From Net: NetName=GND Pin=CON9-0
Removed Pin From Net: NetName=GND Pin=CON9-0
Removed Pin From Net: NetName=3V3 Pin=CON9-1
Removed Pin From Net: NetName=GND Pin=CON9-2
Removed Pin From Net: NetName=GND Pin=CON11-0
Removed Pin From Net: NetName=GND Pin=CON11-0
Removed Pin From Net: NetName=5V Pin=CON11-1
Removed Pin From Net: NetName=GND Pin=CON11-2
Removed Pin From Net: NetName=GND Pin=CON12-0
Removed Pin From Net: NetName=GND Pin=CON12-0
Removed Pin From Net: NetName=3V3 Pin=CON12-1
Removed Pin From Net: NetName=GND Pin=CON12-2
Removed Pin From Net: NetName=GND Pin=CON13-0
Removed Pin From Net: NetName=GND Pin=CON13-0
Removed Pin From Net: NetName=5V Pin=CON13-1
Removed Pin From Net: NetName=GND Pin=CON13-2
Removed Pin From Net: NetName=GND Pin=CON14-0
Removed Pin From Net: NetName=GND Pin=CON14-0
Removed Pin From Net: NetName=3V3 Pin=CON14-1
Removed Pin From Net: NetName=GND Pin=CON14-2
Removed Member From Class: ClassName=Sheet1 Member=CON9
Removed Member From Class: ClassName=Sheet1 Member=CON10
Removed Member From Class: ClassName=Sheet1 Member=CON11
Removed Member From Class: ClassName=Sheet1 Member=CON12
Removed Member From Class: ClassName=Sheet1 Member=CON13
Removed Member From Class: ClassName=Sheet1 Member=CON14
Change Component Designator: OldDesignator=12V NewDesignator=1
Change Component Designator: OldDesignator=C1 NewDesignator=C17
Change Component Designator: OldDesignator=C2 NewDesignator=C18
Change Component Designator: OldDesignator=C3 NewDesignator=C1
Change Component Designator: OldDesignator=C4 NewDesignator=C2
Change Component Designator: OldDesignator=C5 NewDesignator=C3
Change Component Designator: OldDesignator=C6 NewDesignator=C4
Change Component Designator: OldDesignator=C7 NewDesignator=C5
Change Component Designator: OldDesignator=C8 NewDesignator=C6
Change Component Designator: OldDesignator=C9 NewDesignator=C7
Change Component Designator: OldDesignator=C10 NewDesignator=C8
Change Component Designator: OldDesignator=C11 NewDesignator=C9
Change Component Designator: OldDesignator=C12 NewDesignator=C10
Change Component Designator: OldDesignator=C13 NewDesignator=C11
Change Component Designator: OldDesignator=C14 NewDesignator=C12
Change Component Designator: OldDesignator=C15 NewDesignator=C13
Change Component Designator: OldDesignator=C16 NewDesignator=C14
Change Component Designator: OldDesignator=C17 NewDesignator=C15
Change Component Designator: OldDesignator=C18 NewDesignator=C16
Change Component Designator: OldDesignator=CON10 NewDesignator=CON8
Change Component Designator: OldDesignator=R12 NewDesignator=R13
Change Component Designator: OldDesignator=R13 NewDesignator=R14
Change Component Designator: OldDesignator=R14 NewDesignator=R15
Change Component Designator: OldDesignator=R15 NewDesignator=R12
Change Component Designator: OldDesignator=U1 NewDesignator=U2
Change Component Designator: OldDesignator=U2 NewDesignator=U1
Change Net Name : Old Net Name=NetC3_1 New Net Name=NetC1_1
Change Net Name : Old Net Name=NetC3_2 New Net Name=NetC1_2
Change Net Name : Old Net Name=NetC4_2 New Net Name=NetC2_2
Change Net Name : Old Net Name=NetC10_2 New Net Name=NetC8_2
Change Net Name : Old Net Name=NetC11_1 New Net Name=NetC9_1
Change Net Name : Old Net Name=NetC12_2 New Net Name=NetC10_2
Change Net Name : Old Net Name=NetC13_2 New Net Name=NetC11_2
Change Net Name : Old Net Name=NetC14_1 New Net Name=NetC12_1
Change Net Name : Old Net Name=NetC14_2 New Net Name=NetC12_2
Change Net Name : Old Net Name=NetC15_1 New Net Name=NetC13_1
Change Net Name : Old Net Name=NetC15_2 New Net Name=NetC13_2
Change Net Name : Old Net Name=NetC16_2 New Net Name=NetC14_2
Change Net Name : Old Net Name=NetR12_1 New Net Name=NetR13_1
Change Net Name : Old Net Name=NetR13_1 New Net Name=NetR14_1
Added Room: Name=Sheet1
